{"/Users/antonellocaputo/SWII_Git/se2022-08-HikeTracker/server/dao/HikeDAO.js":{"path":"/Users/antonellocaputo/SWII_Git/se2022-08-HikeTracker/server/dao/HikeDAO.js","statementMap":{"0":{"start":{"line":5,"column":11},"end":{"line":5,"column":26}},"1":{"start":{"line":7,"column":0},"end":{"line":21,"column":2}},"2":{"start":{"line":8,"column":4},"end":{"line":20,"column":7}},"3":{"start":{"line":9,"column":20},"end":{"line":9,"column":55}},"4":{"start":{"line":10,"column":8},"end":{"line":19,"column":11}},"5":{"start":{"line":11,"column":12},"end":{"line":18,"column":13}},"6":{"start":{"line":12,"column":16},"end":{"line":12,"column":28}},"7":{"start":{"line":14,"column":34},"end":{"line":16,"column":20}},"8":{"start":{"line":14,"column":52},"end":{"line":16,"column":17}},"9":{"start":{"line":17,"column":16},"end":{"line":17,"column":35}},"10":{"start":{"line":23,"column":0},"end":{"line":37,"column":2}},"11":{"start":{"line":24,"column":4},"end":{"line":36,"column":7}},"12":{"start":{"line":25,"column":20},"end":{"line":25,"column":74}},"13":{"start":{"line":26,"column":8},"end":{"line":35,"column":11}},"14":{"start":{"line":27,"column":12},"end":{"line":34,"column":13}},"15":{"start":{"line":28,"column":16},"end":{"line":28,"column":28}},"16":{"start":{"line":30,"column":34},"end":{"line":32,"column":20}},"17":{"start":{"line":30,"column":52},"end":{"line":32,"column":17}},"18":{"start":{"line":33,"column":16},"end":{"line":33,"column":35}},"19":{"start":{"line":39,"column":0},"end":{"line":53,"column":2}},"20":{"start":{"line":40,"column":4},"end":{"line":52,"column":7}},"21":{"start":{"line":41,"column":20},"end":{"line":41,"column":71}},"22":{"start":{"line":42,"column":8},"end":{"line":51,"column":11}},"23":{"start":{"line":43,"column":12},"end":{"line":50,"column":13}},"24":{"start":{"line":44,"column":16},"end":{"line":44,"column":28}},"25":{"start":{"line":46,"column":31},"end":{"line":48,"column":20}},"26":{"start":{"line":46,"column":49},"end":{"line":48,"column":17}},"27":{"start":{"line":49,"column":16},"end":{"line":49,"column":32}},"28":{"start":{"line":55,"column":0},"end":{"line":80,"column":2}},"29":{"start":{"line":56,"column":4},"end":{"line":79,"column":7}},"30":{"start":{"line":57,"column":20},"end":{"line":57,"column":234}},"31":{"start":{"line":58,"column":8},"end":{"line":78,"column":11}},"32":{"start":{"line":59,"column":12},"end":{"line":77,"column":13}},"33":{"start":{"line":60,"column":16},"end":{"line":60,"column":28}},"34":{"start":{"line":62,"column":30},"end":{"line":75,"column":20}},"35":{"start":{"line":62,"column":48},"end":{"line":75,"column":17}},"36":{"start":{"line":76,"column":16},"end":{"line":76,"column":31}},"37":{"start":{"line":82,"column":0},"end":{"line":107,"column":2}},"38":{"start":{"line":83,"column":4},"end":{"line":106,"column":7}},"39":{"start":{"line":84,"column":20},"end":{"line":84,"column":234}},"40":{"start":{"line":85,"column":8},"end":{"line":105,"column":11}},"41":{"start":{"line":86,"column":12},"end":{"line":104,"column":13}},"42":{"start":{"line":87,"column":16},"end":{"line":87,"column":28}},"43":{"start":{"line":89,"column":30},"end":{"line":102,"column":20}},"44":{"start":{"line":89,"column":48},"end":{"line":102,"column":17}},"45":{"start":{"line":103,"column":16},"end":{"line":103,"column":31}},"46":{"start":{"line":109,"column":0},"end":{"line":135,"column":2}},"47":{"start":{"line":110,"column":4},"end":{"line":134,"column":7}},"48":{"start":{"line":111,"column":20},"end":{"line":111,"column":234}},"49":{"start":{"line":112,"column":8},"end":{"line":133,"column":11}},"50":{"start":{"line":113,"column":12},"end":{"line":132,"column":13}},"51":{"start":{"line":114,"column":16},"end":{"line":114,"column":28}},"52":{"start":{"line":116,"column":30},"end":{"line":130,"column":20}},"53":{"start":{"line":116,"column":48},"end":{"line":130,"column":17}},"54":{"start":{"line":131,"column":16},"end":{"line":131,"column":31}},"55":{"start":{"line":137,"column":0},"end":{"line":167,"column":2}},"56":{"start":{"line":138,"column":4},"end":{"line":166,"column":7}},"57":{"start":{"line":139,"column":20},"end":{"line":139,"column":225}},"58":{"start":{"line":140,"column":8},"end":{"line":165,"column":11}},"59":{"start":{"line":141,"column":12},"end":{"line":164,"column":13}},"60":{"start":{"line":142,"column":16},"end":{"line":142,"column":28}},"61":{"start":{"line":144,"column":30},"end":{"line":162,"column":20}},"62":{"start":{"line":144,"column":48},"end":{"line":162,"column":17}},"63":{"start":{"line":163,"column":16},"end":{"line":163,"column":31}},"64":{"start":{"line":169,"column":0},"end":{"line":194,"column":2}},"65":{"start":{"line":170,"column":4},"end":{"line":193,"column":7}},"66":{"start":{"line":171,"column":20},"end":{"line":171,"column":234}},"67":{"start":{"line":172,"column":8},"end":{"line":192,"column":11}},"68":{"start":{"line":173,"column":12},"end":{"line":191,"column":13}},"69":{"start":{"line":174,"column":16},"end":{"line":174,"column":28}},"70":{"start":{"line":176,"column":30},"end":{"line":189,"column":20}},"71":{"start":{"line":176,"column":48},"end":{"line":189,"column":17}},"72":{"start":{"line":190,"column":16},"end":{"line":190,"column":31}},"73":{"start":{"line":196,"column":0},"end":{"line":252,"column":2}},"74":{"start":{"line":197,"column":4},"end":{"line":251,"column":7}},"75":{"start":{"line":198,"column":8},"end":{"line":250,"column":9}},"76":{"start":{"line":199,"column":24},"end":{"line":199,"column":275}},"77":{"start":{"line":200,"column":12},"end":{"line":223,"column":15}},"78":{"start":{"line":201,"column":16},"end":{"line":222,"column":17}},"79":{"start":{"line":202,"column":20},"end":{"line":202,"column":32}},"80":{"start":{"line":204,"column":34},"end":{"line":220,"column":24}},"81":{"start":{"line":204,"column":52},"end":{"line":220,"column":21}},"82":{"start":{"line":221,"column":20},"end":{"line":221,"column":35}},"83":{"start":{"line":225,"column":24},"end":{"line":225,"column":253}},"84":{"start":{"line":226,"column":12},"end":{"line":249,"column":15}},"85":{"start":{"line":227,"column":16},"end":{"line":248,"column":17}},"86":{"start":{"line":228,"column":20},"end":{"line":228,"column":32}},"87":{"start":{"line":230,"column":34},"end":{"line":246,"column":24}},"88":{"start":{"line":230,"column":52},"end":{"line":246,"column":21}},"89":{"start":{"line":247,"column":20},"end":{"line":247,"column":35}},"90":{"start":{"line":254,"column":0},"end":{"line":314,"column":2}},"91":{"start":{"line":255,"column":4},"end":{"line":313,"column":7}},"92":{"start":{"line":256,"column":8},"end":{"line":312,"column":9}},"93":{"start":{"line":257,"column":24},"end":{"line":257,"column":263}},"94":{"start":{"line":258,"column":12},"end":{"line":283,"column":15}},"95":{"start":{"line":259,"column":16},"end":{"line":282,"column":17}},"96":{"start":{"line":260,"column":20},"end":{"line":260,"column":32}},"97":{"start":{"line":262,"column":34},"end":{"line":280,"column":24}},"98":{"start":{"line":262,"column":52},"end":{"line":280,"column":21}},"99":{"start":{"line":281,"column":20},"end":{"line":281,"column":35}},"100":{"start":{"line":285,"column":24},"end":{"line":285,"column":247}},"101":{"start":{"line":286,"column":12},"end":{"line":311,"column":15}},"102":{"start":{"line":287,"column":16},"end":{"line":310,"column":17}},"103":{"start":{"line":288,"column":20},"end":{"line":288,"column":32}},"104":{"start":{"line":290,"column":34},"end":{"line":308,"column":24}},"105":{"start":{"line":290,"column":52},"end":{"line":308,"column":21}},"106":{"start":{"line":309,"column":20},"end":{"line":309,"column":35}},"107":{"start":{"line":316,"column":0},"end":{"line":376,"column":2}},"108":{"start":{"line":317,"column":4},"end":{"line":375,"column":7}},"109":{"start":{"line":318,"column":8},"end":{"line":374,"column":9}},"110":{"start":{"line":319,"column":24},"end":{"line":319,"column":277}},"111":{"start":{"line":320,"column":12},"end":{"line":345,"column":15}},"112":{"start":{"line":321,"column":16},"end":{"line":344,"column":17}},"113":{"start":{"line":322,"column":20},"end":{"line":322,"column":32}},"114":{"start":{"line":324,"column":34},"end":{"line":342,"column":24}},"115":{"start":{"line":324,"column":52},"end":{"line":342,"column":21}},"116":{"start":{"line":343,"column":20},"end":{"line":343,"column":35}},"117":{"start":{"line":347,"column":24},"end":{"line":347,"column":254}},"118":{"start":{"line":348,"column":12},"end":{"line":373,"column":15}},"119":{"start":{"line":349,"column":16},"end":{"line":372,"column":17}},"120":{"start":{"line":350,"column":20},"end":{"line":350,"column":32}},"121":{"start":{"line":352,"column":34},"end":{"line":370,"column":24}},"122":{"start":{"line":352,"column":52},"end":{"line":370,"column":21}},"123":{"start":{"line":371,"column":20},"end":{"line":371,"column":35}},"124":{"start":{"line":378,"column":0},"end":{"line":409,"column":2}},"125":{"start":{"line":379,"column":4},"end":{"line":408,"column":7}},"126":{"start":{"line":380,"column":20},"end":{"line":380,"column":236}},"127":{"start":{"line":381,"column":8},"end":{"line":407,"column":11}},"128":{"start":{"line":382,"column":12},"end":{"line":406,"column":13}},"129":{"start":{"line":383,"column":16},"end":{"line":383,"column":28}},"130":{"start":{"line":385,"column":30},"end":{"line":404,"column":20}},"131":{"start":{"line":385,"column":48},"end":{"line":404,"column":17}},"132":{"start":{"line":405,"column":16},"end":{"line":405,"column":31}},"133":{"start":{"line":412,"column":0},"end":{"line":440,"column":2}},"134":{"start":{"line":413,"column":4},"end":{"line":439,"column":7}},"135":{"start":{"line":414,"column":20},"end":{"line":414,"column":301}},"136":{"start":{"line":415,"column":8},"end":{"line":438,"column":11}},"137":{"start":{"line":433,"column":12},"end":{"line":436,"column":13}},"138":{"start":{"line":434,"column":16},"end":{"line":434,"column":28}},"139":{"start":{"line":435,"column":16},"end":{"line":435,"column":23}},"140":{"start":{"line":437,"column":12},"end":{"line":437,"column":28}},"141":{"start":{"line":442,"column":0},"end":{"line":457,"column":1}},"142":{"start":{"line":443,"column":4},"end":{"line":456,"column":7}},"143":{"start":{"line":444,"column":20},"end":{"line":444,"column":104}},"144":{"start":{"line":445,"column":8},"end":{"line":455,"column":11}},"145":{"start":{"line":450,"column":12},"end":{"line":453,"column":13}},"146":{"start":{"line":451,"column":16},"end":{"line":451,"column":28}},"147":{"start":{"line":452,"column":16},"end":{"line":452,"column":23}},"148":{"start":{"line":454,"column":12},"end":{"line":454,"column":22}},"149":{"start":{"line":459,"column":0},"end":{"line":470,"column":1}},"150":{"start":{"line":460,"column":4},"end":{"line":469,"column":7}},"151":{"start":{"line":461,"column":20},"end":{"line":461,"column":51}},"152":{"start":{"line":462,"column":8},"end":{"line":468,"column":11}},"153":{"start":{"line":463,"column":12},"end":{"line":466,"column":13}},"154":{"start":{"line":464,"column":16},"end":{"line":464,"column":28}},"155":{"start":{"line":465,"column":16},"end":{"line":465,"column":23}},"156":{"start":{"line":467,"column":12},"end":{"line":467,"column":22}},"157":{"start":{"line":472,"column":0},"end":{"line":483,"column":1}},"158":{"start":{"line":473,"column":4},"end":{"line":482,"column":7}},"159":{"start":{"line":474,"column":20},"end":{"line":474,"column":67}},"160":{"start":{"line":475,"column":8},"end":{"line":481,"column":11}},"161":{"start":{"line":476,"column":12},"end":{"line":479,"column":13}},"162":{"start":{"line":477,"column":16},"end":{"line":477,"column":28}},"163":{"start":{"line":478,"column":16},"end":{"line":478,"column":23}},"164":{"start":{"line":480,"column":12},"end":{"line":480,"column":22}}},"fnMap":{"0":{"name":"(anonymous_0)","decl":{"start":{"line":7,"column":23},"end":{"line":7,"column":24}},"loc":{"start":{"line":7,"column":29},"end":{"line":21,"column":1}},"line":7},"1":{"name":"(anonymous_1)","decl":{"start":{"line":8,"column":23},"end":{"line":8,"column":24}},"loc":{"start":{"line":8,"column":44},"end":{"line":20,"column":5}},"line":8},"2":{"name":"(anonymous_2)","decl":{"start":{"line":10,"column":24},"end":{"line":10,"column":25}},"loc":{"start":{"line":10,"column":39},"end":{"line":19,"column":9}},"line":10},"3":{"name":"(anonymous_3)","decl":{"start":{"line":14,"column":44},"end":{"line":14,"column":45}},"loc":{"start":{"line":14,"column":52},"end":{"line":16,"column":17}},"line":14},"4":{"name":"(anonymous_4)","decl":{"start":{"line":23,"column":32},"end":{"line":23,"column":33}},"loc":{"start":{"line":23,"column":45},"end":{"line":37,"column":1}},"line":23},"5":{"name":"(anonymous_5)","decl":{"start":{"line":24,"column":23},"end":{"line":24,"column":24}},"loc":{"start":{"line":24,"column":44},"end":{"line":36,"column":5}},"line":24},"6":{"name":"(anonymous_6)","decl":{"start":{"line":26,"column":31},"end":{"line":26,"column":32}},"loc":{"start":{"line":26,"column":46},"end":{"line":35,"column":9}},"line":26},"7":{"name":"(anonymous_7)","decl":{"start":{"line":30,"column":44},"end":{"line":30,"column":45}},"loc":{"start":{"line":30,"column":52},"end":{"line":32,"column":17}},"line":30},"8":{"name":"(anonymous_8)","decl":{"start":{"line":39,"column":30},"end":{"line":39,"column":31}},"loc":{"start":{"line":39,"column":44},"end":{"line":53,"column":1}},"line":39},"9":{"name":"(anonymous_9)","decl":{"start":{"line":40,"column":23},"end":{"line":40,"column":24}},"loc":{"start":{"line":40,"column":44},"end":{"line":52,"column":5}},"line":40},"10":{"name":"(anonymous_10)","decl":{"start":{"line":42,"column":32},"end":{"line":42,"column":33}},"loc":{"start":{"line":42,"column":47},"end":{"line":51,"column":9}},"line":42},"11":{"name":"(anonymous_11)","decl":{"start":{"line":46,"column":41},"end":{"line":46,"column":42}},"loc":{"start":{"line":46,"column":49},"end":{"line":48,"column":17}},"line":46},"12":{"name":"(anonymous_12)","decl":{"start":{"line":55,"column":24},"end":{"line":55,"column":25}},"loc":{"start":{"line":55,"column":34},"end":{"line":80,"column":1}},"line":55},"13":{"name":"(anonymous_13)","decl":{"start":{"line":56,"column":23},"end":{"line":56,"column":24}},"loc":{"start":{"line":56,"column":44},"end":{"line":79,"column":5}},"line":56},"14":{"name":"(anonymous_14)","decl":{"start":{"line":58,"column":28},"end":{"line":58,"column":29}},"loc":{"start":{"line":58,"column":43},"end":{"line":78,"column":9}},"line":58},"15":{"name":"(anonymous_15)","decl":{"start":{"line":62,"column":40},"end":{"line":62,"column":41}},"loc":{"start":{"line":62,"column":48},"end":{"line":75,"column":17}},"line":62},"16":{"name":"(anonymous_16)","decl":{"start":{"line":82,"column":28},"end":{"line":82,"column":29}},"loc":{"start":{"line":82,"column":42},"end":{"line":107,"column":1}},"line":82},"17":{"name":"(anonymous_17)","decl":{"start":{"line":83,"column":23},"end":{"line":83,"column":24}},"loc":{"start":{"line":83,"column":44},"end":{"line":106,"column":5}},"line":83},"18":{"name":"(anonymous_18)","decl":{"start":{"line":85,"column":32},"end":{"line":85,"column":33}},"loc":{"start":{"line":85,"column":47},"end":{"line":105,"column":9}},"line":85},"19":{"name":"(anonymous_19)","decl":{"start":{"line":89,"column":40},"end":{"line":89,"column":41}},"loc":{"start":{"line":89,"column":48},"end":{"line":102,"column":17}},"line":89},"20":{"name":"(anonymous_20)","decl":{"start":{"line":109,"column":27},"end":{"line":109,"column":28}},"loc":{"start":{"line":109,"column":40},"end":{"line":135,"column":1}},"line":109},"21":{"name":"(anonymous_21)","decl":{"start":{"line":110,"column":23},"end":{"line":110,"column":24}},"loc":{"start":{"line":110,"column":44},"end":{"line":134,"column":5}},"line":110},"22":{"name":"(anonymous_22)","decl":{"start":{"line":112,"column":31},"end":{"line":112,"column":32}},"loc":{"start":{"line":112,"column":46},"end":{"line":133,"column":9}},"line":112},"23":{"name":"(anonymous_23)","decl":{"start":{"line":116,"column":40},"end":{"line":116,"column":41}},"loc":{"start":{"line":116,"column":48},"end":{"line":130,"column":17}},"line":116},"24":{"name":"(anonymous_24)","decl":{"start":{"line":137,"column":22},"end":{"line":137,"column":23}},"loc":{"start":{"line":137,"column":28},"end":{"line":167,"column":1}},"line":137},"25":{"name":"(anonymous_25)","decl":{"start":{"line":138,"column":23},"end":{"line":138,"column":24}},"loc":{"start":{"line":138,"column":44},"end":{"line":166,"column":5}},"line":138},"26":{"name":"(anonymous_26)","decl":{"start":{"line":140,"column":24},"end":{"line":140,"column":25}},"loc":{"start":{"line":140,"column":39},"end":{"line":165,"column":9}},"line":140},"27":{"name":"(anonymous_27)","decl":{"start":{"line":144,"column":40},"end":{"line":144,"column":41}},"loc":{"start":{"line":144,"column":48},"end":{"line":162,"column":17}},"line":144},"28":{"name":"(anonymous_28)","decl":{"start":{"line":169,"column":30},"end":{"line":169,"column":31}},"loc":{"start":{"line":169,"column":46},"end":{"line":194,"column":1}},"line":169},"29":{"name":"(anonymous_29)","decl":{"start":{"line":170,"column":23},"end":{"line":170,"column":24}},"loc":{"start":{"line":170,"column":44},"end":{"line":193,"column":5}},"line":170},"30":{"name":"(anonymous_30)","decl":{"start":{"line":172,"column":34},"end":{"line":172,"column":35}},"loc":{"start":{"line":172,"column":49},"end":{"line":192,"column":9}},"line":172},"31":{"name":"(anonymous_31)","decl":{"start":{"line":176,"column":40},"end":{"line":176,"column":41}},"loc":{"start":{"line":176,"column":48},"end":{"line":189,"column":17}},"line":176},"32":{"name":"(anonymous_32)","decl":{"start":{"line":196,"column":26},"end":{"line":196,"column":27}},"loc":{"start":{"line":196,"column":39},"end":{"line":252,"column":1}},"line":196},"33":{"name":"(anonymous_33)","decl":{"start":{"line":197,"column":23},"end":{"line":197,"column":24}},"loc":{"start":{"line":197,"column":44},"end":{"line":251,"column":5}},"line":197},"34":{"name":"(anonymous_34)","decl":{"start":{"line":200,"column":36},"end":{"line":200,"column":37}},"loc":{"start":{"line":200,"column":51},"end":{"line":223,"column":13}},"line":200},"35":{"name":"(anonymous_35)","decl":{"start":{"line":204,"column":44},"end":{"line":204,"column":45}},"loc":{"start":{"line":204,"column":52},"end":{"line":220,"column":21}},"line":204},"36":{"name":"(anonymous_36)","decl":{"start":{"line":226,"column":31},"end":{"line":226,"column":32}},"loc":{"start":{"line":226,"column":46},"end":{"line":249,"column":13}},"line":226},"37":{"name":"(anonymous_37)","decl":{"start":{"line":230,"column":44},"end":{"line":230,"column":45}},"loc":{"start":{"line":230,"column":52},"end":{"line":246,"column":21}},"line":230},"38":{"name":"(anonymous_38)","decl":{"start":{"line":254,"column":26},"end":{"line":254,"column":27}},"loc":{"start":{"line":254,"column":39},"end":{"line":314,"column":1}},"line":254},"39":{"name":"(anonymous_39)","decl":{"start":{"line":255,"column":23},"end":{"line":255,"column":24}},"loc":{"start":{"line":255,"column":44},"end":{"line":313,"column":5}},"line":255},"40":{"name":"(anonymous_40)","decl":{"start":{"line":258,"column":35},"end":{"line":258,"column":36}},"loc":{"start":{"line":258,"column":50},"end":{"line":283,"column":13}},"line":258},"41":{"name":"(anonymous_41)","decl":{"start":{"line":262,"column":44},"end":{"line":262,"column":45}},"loc":{"start":{"line":262,"column":52},"end":{"line":280,"column":21}},"line":262},"42":{"name":"(anonymous_42)","decl":{"start":{"line":286,"column":31},"end":{"line":286,"column":32}},"loc":{"start":{"line":286,"column":46},"end":{"line":311,"column":13}},"line":286},"43":{"name":"(anonymous_43)","decl":{"start":{"line":290,"column":44},"end":{"line":290,"column":45}},"loc":{"start":{"line":290,"column":52},"end":{"line":308,"column":21}},"line":290},"44":{"name":"(anonymous_44)","decl":{"start":{"line":316,"column":32},"end":{"line":316,"column":33}},"loc":{"start":{"line":316,"column":45},"end":{"line":376,"column":1}},"line":316},"45":{"name":"(anonymous_45)","decl":{"start":{"line":317,"column":23},"end":{"line":317,"column":24}},"loc":{"start":{"line":317,"column":44},"end":{"line":375,"column":5}},"line":317},"46":{"name":"(anonymous_46)","decl":{"start":{"line":320,"column":35},"end":{"line":320,"column":36}},"loc":{"start":{"line":320,"column":50},"end":{"line":345,"column":13}},"line":320},"47":{"name":"(anonymous_47)","decl":{"start":{"line":324,"column":44},"end":{"line":324,"column":45}},"loc":{"start":{"line":324,"column":52},"end":{"line":342,"column":21}},"line":324},"48":{"name":"(anonymous_48)","decl":{"start":{"line":348,"column":31},"end":{"line":348,"column":32}},"loc":{"start":{"line":348,"column":46},"end":{"line":373,"column":13}},"line":348},"49":{"name":"(anonymous_49)","decl":{"start":{"line":352,"column":44},"end":{"line":352,"column":45}},"loc":{"start":{"line":352,"column":52},"end":{"line":370,"column":21}},"line":352},"50":{"name":"(anonymous_50)","decl":{"start":{"line":378,"column":22},"end":{"line":378,"column":23}},"loc":{"start":{"line":378,"column":28},"end":{"line":409,"column":1}},"line":378},"51":{"name":"(anonymous_51)","decl":{"start":{"line":379,"column":23},"end":{"line":379,"column":24}},"loc":{"start":{"line":379,"column":44},"end":{"line":408,"column":5}},"line":379},"52":{"name":"(anonymous_52)","decl":{"start":{"line":381,"column":24},"end":{"line":381,"column":25}},"loc":{"start":{"line":381,"column":39},"end":{"line":407,"column":9}},"line":381},"53":{"name":"(anonymous_53)","decl":{"start":{"line":385,"column":40},"end":{"line":385,"column":41}},"loc":{"start":{"line":385,"column":48},"end":{"line":404,"column":17}},"line":385},"54":{"name":"(anonymous_54)","decl":{"start":{"line":412,"column":18},"end":{"line":412,"column":19}},"loc":{"start":{"line":412,"column":39},"end":{"line":440,"column":1}},"line":412},"55":{"name":"(anonymous_55)","decl":{"start":{"line":413,"column":23},"end":{"line":413,"column":24}},"loc":{"start":{"line":413,"column":44},"end":{"line":439,"column":5}},"line":413},"56":{"name":"(anonymous_56)","decl":{"start":{"line":432,"column":11},"end":{"line":432,"column":12}},"loc":{"start":{"line":432,"column":31},"end":{"line":438,"column":9}},"line":432},"57":{"name":"(anonymous_57)","decl":{"start":{"line":442,"column":28},"end":{"line":442,"column":29}},"loc":{"start":{"line":442,"column":78},"end":{"line":457,"column":1}},"line":442},"58":{"name":"(anonymous_58)","decl":{"start":{"line":443,"column":23},"end":{"line":443,"column":24}},"loc":{"start":{"line":443,"column":44},"end":{"line":456,"column":5}},"line":443},"59":{"name":"(anonymous_59)","decl":{"start":{"line":449,"column":11},"end":{"line":449,"column":12}},"loc":{"start":{"line":449,"column":31},"end":{"line":455,"column":9}},"line":449},"60":{"name":"(anonymous_60)","decl":{"start":{"line":459,"column":21},"end":{"line":459,"column":22}},"loc":{"start":{"line":459,"column":33},"end":{"line":470,"column":1}},"line":459},"61":{"name":"(anonymous_61)","decl":{"start":{"line":460,"column":23},"end":{"line":460,"column":24}},"loc":{"start":{"line":460,"column":44},"end":{"line":469,"column":5}},"line":460},"62":{"name":"(anonymous_62)","decl":{"start":{"line":462,"column":30},"end":{"line":462,"column":31}},"loc":{"start":{"line":462,"column":45},"end":{"line":468,"column":9}},"line":462},"63":{"name":"(anonymous_63)","decl":{"start":{"line":472,"column":32},"end":{"line":472,"column":33}},"loc":{"start":{"line":472,"column":44},"end":{"line":483,"column":1}},"line":472},"64":{"name":"(anonymous_64)","decl":{"start":{"line":473,"column":23},"end":{"line":473,"column":24}},"loc":{"start":{"line":473,"column":44},"end":{"line":482,"column":5}},"line":473},"65":{"name":"(anonymous_65)","decl":{"start":{"line":475,"column":30},"end":{"line":475,"column":31}},"loc":{"start":{"line":475,"column":45},"end":{"line":481,"column":9}},"line":475}},"branchMap":{"0":{"loc":{"start":{"line":11,"column":12},"end":{"line":18,"column":13}},"type":"if","locations":[{"start":{"line":11,"column":12},"end":{"line":18,"column":13}},{"start":{"line":11,"column":12},"end":{"line":18,"column":13}}],"line":11},"1":{"loc":{"start":{"line":27,"column":12},"end":{"line":34,"column":13}},"type":"if","locations":[{"start":{"line":27,"column":12},"end":{"line":34,"column":13}},{"start":{"line":27,"column":12},"end":{"line":34,"column":13}}],"line":27},"2":{"loc":{"start":{"line":43,"column":12},"end":{"line":50,"column":13}},"type":"if","locations":[{"start":{"line":43,"column":12},"end":{"line":50,"column":13}},{"start":{"line":43,"column":12},"end":{"line":50,"column":13}}],"line":43},"3":{"loc":{"start":{"line":59,"column":12},"end":{"line":77,"column":13}},"type":"if","locations":[{"start":{"line":59,"column":12},"end":{"line":77,"column":13}},{"start":{"line":59,"column":12},"end":{"line":77,"column":13}}],"line":59},"4":{"loc":{"start":{"line":86,"column":12},"end":{"line":104,"column":13}},"type":"if","locations":[{"start":{"line":86,"column":12},"end":{"line":104,"column":13}},{"start":{"line":86,"column":12},"end":{"line":104,"column":13}}],"line":86},"5":{"loc":{"start":{"line":113,"column":12},"end":{"line":132,"column":13}},"type":"if","locations":[{"start":{"line":113,"column":12},"end":{"line":132,"column":13}},{"start":{"line":113,"column":12},"end":{"line":132,"column":13}}],"line":113},"6":{"loc":{"start":{"line":141,"column":12},"end":{"line":164,"column":13}},"type":"if","locations":[{"start":{"line":141,"column":12},"end":{"line":164,"column":13}},{"start":{"line":141,"column":12},"end":{"line":164,"column":13}}],"line":141},"7":{"loc":{"start":{"line":173,"column":12},"end":{"line":191,"column":13}},"type":"if","locations":[{"start":{"line":173,"column":12},"end":{"line":191,"column":13}},{"start":{"line":173,"column":12},"end":{"line":191,"column":13}}],"line":173},"8":{"loc":{"start":{"line":198,"column":8},"end":{"line":250,"column":9}},"type":"if","locations":[{"start":{"line":198,"column":8},"end":{"line":250,"column":9}},{"start":{"line":198,"column":8},"end":{"line":250,"column":9}}],"line":198},"9":{"loc":{"start":{"line":201,"column":16},"end":{"line":222,"column":17}},"type":"if","locations":[{"start":{"line":201,"column":16},"end":{"line":222,"column":17}},{"start":{"line":201,"column":16},"end":{"line":222,"column":17}}],"line":201},"10":{"loc":{"start":{"line":227,"column":16},"end":{"line":248,"column":17}},"type":"if","locations":[{"start":{"line":227,"column":16},"end":{"line":248,"column":17}},{"start":{"line":227,"column":16},"end":{"line":248,"column":17}}],"line":227},"11":{"loc":{"start":{"line":256,"column":8},"end":{"line":312,"column":9}},"type":"if","locations":[{"start":{"line":256,"column":8},"end":{"line":312,"column":9}},{"start":{"line":256,"column":8},"end":{"line":312,"column":9}}],"line":256},"12":{"loc":{"start":{"line":259,"column":16},"end":{"line":282,"column":17}},"type":"if","locations":[{"start":{"line":259,"column":16},"end":{"line":282,"column":17}},{"start":{"line":259,"column":16},"end":{"line":282,"column":17}}],"line":259},"13":{"loc":{"start":{"line":287,"column":16},"end":{"line":310,"column":17}},"type":"if","locations":[{"start":{"line":287,"column":16},"end":{"line":310,"column":17}},{"start":{"line":287,"column":16},"end":{"line":310,"column":17}}],"line":287},"14":{"loc":{"start":{"line":318,"column":8},"end":{"line":374,"column":9}},"type":"if","locations":[{"start":{"line":318,"column":8},"end":{"line":374,"column":9}},{"start":{"line":318,"column":8},"end":{"line":374,"column":9}}],"line":318},"15":{"loc":{"start":{"line":321,"column":16},"end":{"line":344,"column":17}},"type":"if","locations":[{"start":{"line":321,"column":16},"end":{"line":344,"column":17}},{"start":{"line":321,"column":16},"end":{"line":344,"column":17}}],"line":321},"16":{"loc":{"start":{"line":349,"column":16},"end":{"line":372,"column":17}},"type":"if","locations":[{"start":{"line":349,"column":16},"end":{"line":372,"column":17}},{"start":{"line":349,"column":16},"end":{"line":372,"column":17}}],"line":349},"17":{"loc":{"start":{"line":382,"column":12},"end":{"line":406,"column":13}},"type":"if","locations":[{"start":{"line":382,"column":12},"end":{"line":406,"column":13}},{"start":{"line":382,"column":12},"end":{"line":406,"column":13}}],"line":382},"18":{"loc":{"start":{"line":433,"column":12},"end":{"line":436,"column":13}},"type":"if","locations":[{"start":{"line":433,"column":12},"end":{"line":436,"column":13}},{"start":{"line":433,"column":12},"end":{"line":436,"column":13}}],"line":433},"19":{"loc":{"start":{"line":450,"column":12},"end":{"line":453,"column":13}},"type":"if","locations":[{"start":{"line":450,"column":12},"end":{"line":453,"column":13}},{"start":{"line":450,"column":12},"end":{"line":453,"column":13}}],"line":450},"20":{"loc":{"start":{"line":463,"column":12},"end":{"line":466,"column":13}},"type":"if","locations":[{"start":{"line":463,"column":12},"end":{"line":466,"column":13}},{"start":{"line":463,"column":12},"end":{"line":466,"column":13}}],"line":463},"21":{"loc":{"start":{"line":476,"column":12},"end":{"line":479,"column":13}},"type":"if","locations":[{"start":{"line":476,"column":12},"end":{"line":479,"column":13}},{"start":{"line":476,"column":12},"end":{"line":479,"column":13}}],"line":476}},"s":{"0":1,"1":1,"2":1,"3":1,"4":1,"5":1,"6":0,"7":1,"8":2,"9":1,"10":1,"11":2,"12":2,"13":2,"14":2,"15":0,"16":2,"17":4,"18":2,"19":1,"20":4,"21":4,"22":4,"23":4,"24":0,"25":4,"26":10,"27":4,"28":1,"29":0,"30":0,"31":0,"32":0,"33":0,"34":0,"35":0,"36":0,"37":1,"38":0,"39":0,"40":0,"41":0,"42":0,"43":0,"44":0,"45":0,"46":1,"47":0,"48":0,"49":0,"50":0,"51":0,"52":0,"53":0,"54":0,"55":1,"56":0,"57":0,"58":0,"59":0,"60":0,"61":0,"62":0,"63":0,"64":1,"65":0,"66":0,"67":0,"68":0,"69":0,"70":0,"71":0,"72":0,"73":1,"74":0,"75":0,"76":0,"77":0,"78":0,"79":0,"80":0,"81":0,"82":0,"83":0,"84":0,"85":0,"86":0,"87":0,"88":0,"89":0,"90":1,"91":0,"92":0,"93":0,"94":0,"95":0,"96":0,"97":0,"98":0,"99":0,"100":0,"101":0,"102":0,"103":0,"104":0,"105":0,"106":0,"107":1,"108":0,"109":0,"110":0,"111":0,"112":0,"113":0,"114":0,"115":0,"116":0,"117":0,"118":0,"119":0,"120":0,"121":0,"122":0,"123":0,"124":1,"125":26,"126":26,"127":26,"128":26,"129":0,"130":26,"131":261,"132":26,"133":1,"134":2,"135":2,"136":2,"137":2,"138":0,"139":0,"140":2,"141":1,"142":6,"143":6,"144":6,"145":6,"146":0,"147":0,"148":6,"149":1,"150":2,"151":2,"152":2,"153":2,"154":0,"155":0,"156":2,"157":1,"158":2,"159":2,"160":2,"161":2,"162":0,"163":0,"164":2},"f":{"0":1,"1":1,"2":1,"3":2,"4":2,"5":2,"6":2,"7":4,"8":4,"9":4,"10":4,"11":10,"12":0,"13":0,"14":0,"15":0,"16":0,"17":0,"18":0,"19":0,"20":0,"21":0,"22":0,"23":0,"24":0,"25":0,"26":0,"27":0,"28":0,"29":0,"30":0,"31":0,"32":0,"33":0,"34":0,"35":0,"36":0,"37":0,"38":0,"39":0,"40":0,"41":0,"42":0,"43":0,"44":0,"45":0,"46":0,"47":0,"48":0,"49":0,"50":26,"51":26,"52":26,"53":261,"54":2,"55":2,"56":2,"57":6,"58":6,"59":6,"60":2,"61":2,"62":2,"63":2,"64":2,"65":2},"b":{"0":[0,1],"1":[0,2],"2":[0,4],"3":[0,0],"4":[0,0],"5":[0,0],"6":[0,0],"7":[0,0],"8":[0,0],"9":[0,0],"10":[0,0],"11":[0,0],"12":[0,0],"13":[0,0],"14":[0,0],"15":[0,0],"16":[0,0],"17":[0,26],"18":[0,2],"19":[0,6],"20":[0,2],"21":[0,2]},"_coverageSchema":"1a1c01bbd47fc00a2c39e90264f33305004495a9","hash":"24cde214eac258e848529d476ee1a4dee880bf60","contentHash":"e7950f6bd3636c8964ba21ccdb77495d740516f228fc1e11333ef4fead0200ff"},"/Users/antonellocaputo/SWII_Git/se2022-08-HikeTracker/server/dao/db.js":{"path":"/Users/antonellocaputo/SWII_Git/se2022-08-HikeTracker/server/dao/db.js","statementMap":{"0":{"start":{"line":4,"column":15},"end":{"line":4,"column":33}},"1":{"start":{"line":7,"column":11},"end":{"line":9,"column":2}},"2":{"start":{"line":8,"column":4},"end":{"line":8,"column":23}},"3":{"start":{"line":8,"column":13},"end":{"line":8,"column":23}},"4":{"start":{"line":13,"column":0},"end":{"line":13,"column":20}}},"fnMap":{"0":{"name":"(anonymous_0)","decl":{"start":{"line":7,"column":58},"end":{"line":7,"column":59}},"loc":{"start":{"line":7,"column":67},"end":{"line":9,"column":1}},"line":7}},"branchMap":{"0":{"loc":{"start":{"line":8,"column":4},"end":{"line":8,"column":23}},"type":"if","locations":[{"start":{"line":8,"column":4},"end":{"line":8,"column":23}},{"start":{"line":8,"column":4},"end":{"line":8,"column":23}}],"line":8}},"s":{"0":1,"1":1,"2":1,"3":0,"4":1},"f":{"0":1},"b":{"0":[0,1]},"_coverageSchema":"1a1c01bbd47fc00a2c39e90264f33305004495a9","hash":"862358f0d67a3932418b83f7b85b654344eca85b","contentHash":"2e59011be0ef5ef9738c4fd52daf542c4d5aba1c993e660b37c1aa24231acc3c"},"/Users/antonellocaputo/SWII_Git/se2022-08-HikeTracker/server/index.js":{"path":"/Users/antonellocaputo/SWII_Git/se2022-08-HikeTracker/server/index.js","statementMap":{"0":{"start":{"line":3,"column":16},"end":{"line":3,"column":34}},"1":{"start":{"line":4,"column":16},"end":{"line":4,"column":40}},"2":{"start":{"line":5,"column":13},"end":{"line":5,"column":28}},"3":{"start":{"line":6,"column":15},"end":{"line":6,"column":32}},"4":{"start":{"line":7,"column":19},"end":{"line":7,"column":48}},"5":{"start":{"line":8,"column":35},"end":{"line":8,"column":63}},"6":{"start":{"line":11,"column":17},"end":{"line":11,"column":36}},"7":{"start":{"line":12,"column":22},"end":{"line":12,"column":47}},"8":{"start":{"line":13,"column":16},"end":{"line":13,"column":42}},"9":{"start":{"line":16,"column":12},"end":{"line":16,"column":25}},"10":{"start":{"line":17,"column":13},"end":{"line":17,"column":17}},"11":{"start":{"line":18,"column":0},"end":{"line":18,"column":23}},"12":{"start":{"line":19,"column":0},"end":{"line":19,"column":24}},"13":{"start":{"line":22,"column":20},"end":{"line":25,"column":1}},"14":{"start":{"line":26,"column":0},"end":{"line":26,"column":27}},"15":{"start":{"line":31,"column":0},"end":{"line":45,"column":8}},"16":{"start":{"line":33,"column":21},"end":{"line":33,"column":62}},"17":{"start":{"line":34,"column":8},"end":{"line":44,"column":9}},"18":{"start":{"line":35,"column":12},"end":{"line":35,"column":77}},"19":{"start":{"line":38,"column":27},"end":{"line":38,"column":62}},"20":{"start":{"line":39,"column":12},"end":{"line":43,"column":13}},"21":{"start":{"line":40,"column":16},"end":{"line":40,"column":38}},"22":{"start":{"line":42,"column":16},"end":{"line":42,"column":102}},"23":{"start":{"line":47,"column":0},"end":{"line":49,"column":3}},"24":{"start":{"line":48,"column":4},"end":{"line":48,"column":19}},"25":{"start":{"line":51,"column":0},"end":{"line":54,"column":3}},"26":{"start":{"line":52,"column":4},"end":{"line":52,"column":26}},"27":{"start":{"line":57,"column":19},"end":{"line":62,"column":1}},"28":{"start":{"line":58,"column":4},"end":{"line":60,"column":5}},"29":{"start":{"line":59,"column":8},"end":{"line":59,"column":22}},"30":{"start":{"line":61,"column":4},"end":{"line":61,"column":61}},"31":{"start":{"line":64,"column":0},"end":{"line":71,"column":4}},"32":{"start":{"line":72,"column":0},"end":{"line":72,"column":42}},"33":{"start":{"line":77,"column":18},"end":{"line":77,"column":45}},"34":{"start":{"line":78,"column":18},"end":{"line":78,"column":45}},"35":{"start":{"line":79,"column":17},"end":{"line":79,"column":43}},"36":{"start":{"line":80,"column":0},"end":{"line":80,"column":22}},"37":{"start":{"line":84,"column":0},"end":{"line":110,"column":3}},"38":{"start":{"line":88,"column":19},"end":{"line":88,"column":40}},"39":{"start":{"line":89,"column":4},"end":{"line":91,"column":5}},"40":{"start":{"line":90,"column":8},"end":{"line":90,"column":101}},"41":{"start":{"line":92,"column":4},"end":{"line":109,"column":23}},"42":{"start":{"line":94,"column":8},"end":{"line":95,"column":29}},"43":{"start":{"line":95,"column":12},"end":{"line":95,"column":29}},"44":{"start":{"line":96,"column":8},"end":{"line":99,"column":9}},"45":{"start":{"line":98,"column":12},"end":{"line":98,"column":46}},"46":{"start":{"line":101,"column":8},"end":{"line":108,"column":11}},"47":{"start":{"line":102,"column":12},"end":{"line":103,"column":33}},"48":{"start":{"line":103,"column":16},"end":{"line":103,"column":33}},"49":{"start":{"line":107,"column":12},"end":{"line":107,"column":38}},"50":{"start":{"line":113,"column":0},"end":{"line":119,"column":3}},"51":{"start":{"line":114,"column":4},"end":{"line":118,"column":61}},"52":{"start":{"line":115,"column":8},"end":{"line":115,"column":27}},"53":{"start":{"line":118,"column":8},"end":{"line":118,"column":61}},"54":{"start":{"line":122,"column":0},"end":{"line":126,"column":3}},"55":{"start":{"line":123,"column":4},"end":{"line":125,"column":7}},"56":{"start":{"line":124,"column":8},"end":{"line":124,"column":18}},"57":{"start":{"line":130,"column":0},"end":{"line":130,"column":27}},"58":{"start":{"line":131,"column":0},"end":{"line":131,"column":27}},"59":{"start":{"line":132,"column":0},"end":{"line":132,"column":26}},"60":{"start":{"line":135,"column":0},"end":{"line":137,"column":3}},"61":{"start":{"line":136,"column":4},"end":{"line":136,"column":64}},"62":{"start":{"line":139,"column":0},"end":{"line":139,"column":21}}},"fnMap":{"0":{"name":"verify","decl":{"start":{"line":32,"column":19},"end":{"line":32,"column":25}},"loc":{"start":{"line":32,"column":50},"end":{"line":45,"column":5}},"line":32},"1":{"name":"(anonymous_1)","decl":{"start":{"line":47,"column":23},"end":{"line":47,"column":24}},"loc":{"start":{"line":47,"column":43},"end":{"line":49,"column":1}},"line":47},"2":{"name":"(anonymous_2)","decl":{"start":{"line":51,"column":25},"end":{"line":51,"column":26}},"loc":{"start":{"line":51,"column":45},"end":{"line":54,"column":1}},"line":51},"3":{"name":"(anonymous_3)","decl":{"start":{"line":57,"column":19},"end":{"line":57,"column":20}},"loc":{"start":{"line":57,"column":39},"end":{"line":62,"column":1}},"line":57},"4":{"name":"(anonymous_4)","decl":{"start":{"line":87,"column":3},"end":{"line":87,"column":4}},"loc":{"start":{"line":87,"column":29},"end":{"line":110,"column":1}},"line":87},"5":{"name":"(anonymous_5)","decl":{"start":{"line":92,"column":35},"end":{"line":92,"column":36}},"loc":{"start":{"line":92,"column":56},"end":{"line":109,"column":5}},"line":92},"6":{"name":"(anonymous_6)","decl":{"start":{"line":101,"column":24},"end":{"line":101,"column":25}},"loc":{"start":{"line":101,"column":33},"end":{"line":108,"column":9}},"line":101},"7":{"name":"(anonymous_7)","decl":{"start":{"line":113,"column":33},"end":{"line":113,"column":34}},"loc":{"start":{"line":113,"column":47},"end":{"line":119,"column":1}},"line":113},"8":{"name":"(anonymous_8)","decl":{"start":{"line":122,"column":36},"end":{"line":122,"column":37}},"loc":{"start":{"line":122,"column":50},"end":{"line":126,"column":1}},"line":122},"9":{"name":"(anonymous_9)","decl":{"start":{"line":123,"column":15},"end":{"line":123,"column":16}},"loc":{"start":{"line":123,"column":21},"end":{"line":125,"column":5}},"line":123},"10":{"name":"(anonymous_10)","decl":{"start":{"line":135,"column":17},"end":{"line":135,"column":18}},"loc":{"start":{"line":135,"column":23},"end":{"line":137,"column":1}},"line":135}},"branchMap":{"0":{"loc":{"start":{"line":34,"column":8},"end":{"line":44,"column":9}},"type":"if","locations":[{"start":{"line":34,"column":8},"end":{"line":44,"column":9}},{"start":{"line":34,"column":8},"end":{"line":44,"column":9}}],"line":34},"1":{"loc":{"start":{"line":39,"column":12},"end":{"line":43,"column":13}},"type":"if","locations":[{"start":{"line":39,"column":12},"end":{"line":43,"column":13}},{"start":{"line":39,"column":12},"end":{"line":43,"column":13}}],"line":39},"2":{"loc":{"start":{"line":58,"column":4},"end":{"line":60,"column":5}},"type":"if","locations":[{"start":{"line":58,"column":4},"end":{"line":60,"column":5}},{"start":{"line":58,"column":4},"end":{"line":60,"column":5}}],"line":58},"3":{"loc":{"start":{"line":89,"column":4},"end":{"line":91,"column":5}},"type":"if","locations":[{"start":{"line":89,"column":4},"end":{"line":91,"column":5}},{"start":{"line":89,"column":4},"end":{"line":91,"column":5}}],"line":89},"4":{"loc":{"start":{"line":94,"column":8},"end":{"line":95,"column":29}},"type":"if","locations":[{"start":{"line":94,"column":8},"end":{"line":95,"column":29}},{"start":{"line":94,"column":8},"end":{"line":95,"column":29}}],"line":94},"5":{"loc":{"start":{"line":96,"column":8},"end":{"line":99,"column":9}},"type":"if","locations":[{"start":{"line":96,"column":8},"end":{"line":99,"column":9}},{"start":{"line":96,"column":8},"end":{"line":99,"column":9}}],"line":96},"6":{"loc":{"start":{"line":102,"column":12},"end":{"line":103,"column":33}},"type":"if","locations":[{"start":{"line":102,"column":12},"end":{"line":103,"column":33}},{"start":{"line":102,"column":12},"end":{"line":103,"column":33}}],"line":102},"7":{"loc":{"start":{"line":114,"column":4},"end":{"line":118,"column":61}},"type":"if","locations":[{"start":{"line":114,"column":4},"end":{"line":118,"column":61}},{"start":{"line":114,"column":4},"end":{"line":118,"column":61}}],"line":114}},"s":{"0":1,"1":1,"2":1,"3":1,"4":1,"5":1,"6":1,"7":1,"8":1,"9":1,"10":1,"11":1,"12":1,"13":1,"14":1,"15":1,"16":6,"17":6,"18":2,"19":4,"20":4,"21":4,"22":0,"23":1,"24":4,"25":1,"26":19,"27":1,"28":0,"29":0,"30":0,"31":1,"32":1,"33":1,"34":1,"35":1,"36":1,"37":1,"38":11,"39":11,"40":5,"41":6,"42":6,"43":0,"44":6,"45":2,"46":4,"47":4,"48":0,"49":4,"50":1,"51":0,"52":0,"53":0,"54":1,"55":0,"56":0,"57":1,"58":1,"59":1,"60":1,"61":1,"62":1},"f":{"0":6,"1":4,"2":19,"3":0,"4":11,"5":6,"6":4,"7":0,"8":0,"9":0,"10":1},"b":{"0":[2,4],"1":[4,0],"2":[0,0],"3":[5,6],"4":[0,6],"5":[2,4],"6":[0,4],"7":[0,0]},"_coverageSchema":"1a1c01bbd47fc00a2c39e90264f33305004495a9","hash":"ba0817b1a2e4f3ad8f8d85642a60a22696d8c04a","contentHash":"5e31e1c17ee6fdbd65962ba319dfb23538777a004ded0d4c5a48402dde5be9af"},"/Users/antonellocaputo/SWII_Git/se2022-08-HikeTracker/server/dao/UserDAO.js":{"path":"/Users/antonellocaputo/SWII_Git/se2022-08-HikeTracker/server/dao/UserDAO.js","statementMap":{"0":{"start":{"line":4,"column":15},"end":{"line":4,"column":32}},"1":{"start":{"line":5,"column":20},"end":{"line":5,"column":35}},"2":{"start":{"line":6,"column":11},"end":{"line":6,"column":26}},"3":{"start":{"line":7,"column":13},"end":{"line":7,"column":41}},"4":{"start":{"line":9,"column":0},"end":{"line":26,"column":2}},"5":{"start":{"line":10,"column":4},"end":{"line":25,"column":7}},"6":{"start":{"line":11,"column":20},"end":{"line":11,"column":56}},"7":{"start":{"line":12,"column":8},"end":{"line":24,"column":11}},"8":{"start":{"line":13,"column":12},"end":{"line":23,"column":13}},"9":{"start":{"line":13,"column":23},"end":{"line":13,"column":35}},"10":{"start":{"line":14,"column":17},"end":{"line":23,"column":13}},"11":{"start":{"line":14,"column":42},"end":{"line":14,"column":57}},"12":{"start":{"line":16,"column":29},"end":{"line":16,"column":146}},"13":{"start":{"line":17,"column":29},"end":{"line":17,"column":37}},"14":{"start":{"line":18,"column":39},"end":{"line":21,"column":37}},"15":{"start":{"line":22,"column":16},"end":{"line":22,"column":72}},"16":{"start":{"line":28,"column":0},"end":{"line":42,"column":1}},"17":{"start":{"line":29,"column":4},"end":{"line":41,"column":7}},"18":{"start":{"line":30,"column":20},"end":{"line":30,"column":79}},"19":{"start":{"line":31,"column":8},"end":{"line":40,"column":11}},"20":{"start":{"line":32,"column":12},"end":{"line":39,"column":17}},"21":{"start":{"line":32,"column":23},"end":{"line":32,"column":35}},"22":{"start":{"line":34,"column":16},"end":{"line":39,"column":17}},"23":{"start":{"line":35,"column":20},"end":{"line":35,"column":35}},"24":{"start":{"line":38,"column":20},"end":{"line":38,"column":34}},"25":{"start":{"line":44,"column":0},"end":{"line":57,"column":1}},"26":{"start":{"line":45,"column":4},"end":{"line":56,"column":7}},"27":{"start":{"line":46,"column":20},"end":{"line":46,"column":40}},"28":{"start":{"line":47,"column":8},"end":{"line":55,"column":11}},"29":{"start":{"line":48,"column":12},"end":{"line":54,"column":13}},"30":{"start":{"line":49,"column":16},"end":{"line":49,"column":28}},"31":{"start":{"line":51,"column":16},"end":{"line":53,"column":19}},"32":{"start":{"line":52,"column":20},"end":{"line":52,"column":153}},"33":{"start":{"line":59,"column":0},"end":{"line":69,"column":1}},"34":{"start":{"line":60,"column":4},"end":{"line":68,"column":7}},"35":{"start":{"line":61,"column":20},"end":{"line":61,"column":51}},"36":{"start":{"line":62,"column":8},"end":{"line":67,"column":11}},"37":{"start":{"line":63,"column":12},"end":{"line":66,"column":26}},"38":{"start":{"line":64,"column":16},"end":{"line":64,"column":28}},"39":{"start":{"line":66,"column":16},"end":{"line":66,"column":26}},"40":{"start":{"line":72,"column":0},"end":{"line":86,"column":2}},"41":{"start":{"line":73,"column":4},"end":{"line":85,"column":7}},"42":{"start":{"line":74,"column":20},"end":{"line":74,"column":53}},"43":{"start":{"line":75,"column":8},"end":{"line":84,"column":11}},"44":{"start":{"line":76,"column":12},"end":{"line":83,"column":13}},"45":{"start":{"line":77,"column":16},"end":{"line":77,"column":28}},"46":{"start":{"line":78,"column":17},"end":{"line":83,"column":13}},"47":{"start":{"line":79,"column":16},"end":{"line":79,"column":30}},"48":{"start":{"line":81,"column":29},"end":{"line":81,"column":162}},"49":{"start":{"line":82,"column":16},"end":{"line":82,"column":30}},"50":{"start":{"line":88,"column":0},"end":{"line":102,"column":2}},"51":{"start":{"line":89,"column":4},"end":{"line":101,"column":7}},"52":{"start":{"line":90,"column":20},"end":{"line":90,"column":56}},"53":{"start":{"line":91,"column":8},"end":{"line":100,"column":11}},"54":{"start":{"line":92,"column":12},"end":{"line":99,"column":13}},"55":{"start":{"line":93,"column":16},"end":{"line":93,"column":28}},"56":{"start":{"line":94,"column":17},"end":{"line":99,"column":13}},"57":{"start":{"line":95,"column":16},"end":{"line":95,"column":31}},"58":{"start":{"line":97,"column":29},"end":{"line":97,"column":162}},"59":{"start":{"line":98,"column":16},"end":{"line":98,"column":30}},"60":{"start":{"line":105,"column":0},"end":{"line":122,"column":1}},"61":{"start":{"line":106,"column":17},"end":{"line":106,"column":55}},"62":{"start":{"line":107,"column":27},"end":{"line":110,"column":25}},"63":{"start":{"line":112,"column":4},"end":{"line":121,"column":7}},"64":{"start":{"line":113,"column":20},"end":{"line":113,"column":138}},"65":{"start":{"line":114,"column":8},"end":{"line":120,"column":11}},"66":{"start":{"line":115,"column":12},"end":{"line":119,"column":13}},"67":{"start":{"line":116,"column":16},"end":{"line":116,"column":28}},"68":{"start":{"line":118,"column":16},"end":{"line":118,"column":30}},"69":{"start":{"line":125,"column":0},"end":{"line":140,"column":1}},"70":{"start":{"line":126,"column":4},"end":{"line":139,"column":7}},"71":{"start":{"line":127,"column":20},"end":{"line":127,"column":77}},"72":{"start":{"line":128,"column":8},"end":{"line":138,"column":11}},"73":{"start":{"line":129,"column":12},"end":{"line":137,"column":13}},"74":{"start":{"line":130,"column":16},"end":{"line":130,"column":28}},"75":{"start":{"line":132,"column":17},"end":{"line":137,"column":13}},"76":{"start":{"line":133,"column":16},"end":{"line":133,"column":78}},"77":{"start":{"line":136,"column":16},"end":{"line":136,"column":30}},"78":{"start":{"line":142,"column":0},"end":{"line":153,"column":1}},"79":{"start":{"line":143,"column":4},"end":{"line":152,"column":7}},"80":{"start":{"line":144,"column":20},"end":{"line":144,"column":70}},"81":{"start":{"line":145,"column":8},"end":{"line":151,"column":11}},"82":{"start":{"line":146,"column":12},"end":{"line":150,"column":13}},"83":{"start":{"line":147,"column":16},"end":{"line":147,"column":28}},"84":{"start":{"line":149,"column":16},"end":{"line":149,"column":30}},"85":{"start":{"line":156,"column":4},"end":{"line":156,"column":68}}},"fnMap":{"0":{"name":"(anonymous_0)","decl":{"start":{"line":9,"column":18},"end":{"line":9,"column":19}},"loc":{"start":{"line":9,"column":39},"end":{"line":26,"column":1}},"line":9},"1":{"name":"(anonymous_1)","decl":{"start":{"line":10,"column":23},"end":{"line":10,"column":24}},"loc":{"start":{"line":10,"column":44},"end":{"line":25,"column":5}},"line":10},"2":{"name":"(anonymous_2)","decl":{"start":{"line":12,"column":29},"end":{"line":12,"column":30}},"loc":{"start":{"line":12,"column":43},"end":{"line":24,"column":9}},"line":12},"3":{"name":"(anonymous_3)","decl":{"start":{"line":28,"column":22},"end":{"line":28,"column":23}},"loc":{"start":{"line":28,"column":33},"end":{"line":42,"column":1}},"line":28},"4":{"name":"(anonymous_4)","decl":{"start":{"line":29,"column":23},"end":{"line":29,"column":24}},"loc":{"start":{"line":29,"column":44},"end":{"line":41,"column":5}},"line":29},"5":{"name":"(anonymous_5)","decl":{"start":{"line":31,"column":29},"end":{"line":31,"column":30}},"loc":{"start":{"line":31,"column":43},"end":{"line":40,"column":9}},"line":31},"6":{"name":"(anonymous_6)","decl":{"start":{"line":44,"column":22},"end":{"line":44,"column":23}},"loc":{"start":{"line":44,"column":28},"end":{"line":57,"column":1}},"line":44},"7":{"name":"(anonymous_7)","decl":{"start":{"line":45,"column":23},"end":{"line":45,"column":24}},"loc":{"start":{"line":45,"column":44},"end":{"line":56,"column":5}},"line":45},"8":{"name":"(anonymous_8)","decl":{"start":{"line":47,"column":20},"end":{"line":47,"column":21}},"loc":{"start":{"line":47,"column":35},"end":{"line":55,"column":9}},"line":47},"9":{"name":"(anonymous_9)","decl":{"start":{"line":51,"column":33},"end":{"line":51,"column":34}},"loc":{"start":{"line":52,"column":20},"end":{"line":52,"column":153}},"line":52},"10":{"name":"(anonymous_10)","decl":{"start":{"line":59,"column":21},"end":{"line":59,"column":22}},"loc":{"start":{"line":59,"column":29},"end":{"line":69,"column":1}},"line":59},"11":{"name":"(anonymous_11)","decl":{"start":{"line":60,"column":23},"end":{"line":60,"column":24}},"loc":{"start":{"line":60,"column":44},"end":{"line":68,"column":5}},"line":60},"12":{"name":"(anonymous_12)","decl":{"start":{"line":62,"column":26},"end":{"line":62,"column":27}},"loc":{"start":{"line":62,"column":41},"end":{"line":67,"column":9}},"line":62},"13":{"name":"(anonymous_13)","decl":{"start":{"line":72,"column":22},"end":{"line":72,"column":23}},"loc":{"start":{"line":72,"column":34},"end":{"line":86,"column":1}},"line":72},"14":{"name":"(anonymous_14)","decl":{"start":{"line":73,"column":23},"end":{"line":73,"column":24}},"loc":{"start":{"line":73,"column":44},"end":{"line":85,"column":5}},"line":73},"15":{"name":"(anonymous_15)","decl":{"start":{"line":75,"column":30},"end":{"line":75,"column":31}},"loc":{"start":{"line":75,"column":44},"end":{"line":84,"column":9}},"line":75},"16":{"name":"(anonymous_16)","decl":{"start":{"line":88,"column":25},"end":{"line":88,"column":26}},"loc":{"start":{"line":88,"column":36},"end":{"line":102,"column":1}},"line":88},"17":{"name":"(anonymous_17)","decl":{"start":{"line":89,"column":23},"end":{"line":89,"column":24}},"loc":{"start":{"line":89,"column":44},"end":{"line":101,"column":5}},"line":89},"18":{"name":"(anonymous_18)","decl":{"start":{"line":91,"column":29},"end":{"line":91,"column":30}},"loc":{"start":{"line":91,"column":43},"end":{"line":100,"column":9}},"line":91},"19":{"name":"(anonymous_19)","decl":{"start":{"line":105,"column":18},"end":{"line":105,"column":19}},"loc":{"start":{"line":105,"column":35},"end":{"line":122,"column":1}},"line":105},"20":{"name":"(anonymous_20)","decl":{"start":{"line":112,"column":23},"end":{"line":112,"column":24}},"loc":{"start":{"line":112,"column":44},"end":{"line":121,"column":5}},"line":112},"21":{"name":"(anonymous_21)","decl":{"start":{"line":114,"column":137},"end":{"line":114,"column":138}},"loc":{"start":{"line":114,"column":146},"end":{"line":120,"column":9}},"line":114},"22":{"name":"(anonymous_22)","decl":{"start":{"line":125,"column":18},"end":{"line":125,"column":19}},"loc":{"start":{"line":125,"column":29},"end":{"line":140,"column":1}},"line":125},"23":{"name":"(anonymous_23)","decl":{"start":{"line":126,"column":23},"end":{"line":126,"column":24}},"loc":{"start":{"line":126,"column":44},"end":{"line":139,"column":5}},"line":126},"24":{"name":"(anonymous_24)","decl":{"start":{"line":128,"column":29},"end":{"line":128,"column":30}},"loc":{"start":{"line":128,"column":43},"end":{"line":138,"column":9}},"line":128},"25":{"name":"(anonymous_25)","decl":{"start":{"line":142,"column":19},"end":{"line":142,"column":20}},"loc":{"start":{"line":142,"column":30},"end":{"line":153,"column":1}},"line":142},"26":{"name":"(anonymous_26)","decl":{"start":{"line":143,"column":23},"end":{"line":143,"column":24}},"loc":{"start":{"line":143,"column":44},"end":{"line":152,"column":5}},"line":143},"27":{"name":"(anonymous_27)","decl":{"start":{"line":145,"column":29},"end":{"line":145,"column":30}},"loc":{"start":{"line":145,"column":38},"end":{"line":151,"column":9}},"line":145},"28":{"name":"makeHash","decl":{"start":{"line":155,"column":9},"end":{"line":155,"column":17}},"loc":{"start":{"line":155,"column":23},"end":{"line":157,"column":1}},"line":155}},"branchMap":{"0":{"loc":{"start":{"line":13,"column":12},"end":{"line":23,"column":13}},"type":"if","locations":[{"start":{"line":13,"column":12},"end":{"line":23,"column":13}},{"start":{"line":13,"column":12},"end":{"line":23,"column":13}}],"line":13},"1":{"loc":{"start":{"line":14,"column":17},"end":{"line":23,"column":13}},"type":"if","locations":[{"start":{"line":14,"column":17},"end":{"line":23,"column":13}},{"start":{"line":14,"column":17},"end":{"line":23,"column":13}}],"line":14},"2":{"loc":{"start":{"line":22,"column":24},"end":{"line":22,"column":70}},"type":"cond-expr","locations":[{"start":{"line":22,"column":58},"end":{"line":22,"column":62}},{"start":{"line":22,"column":65},"end":{"line":22,"column":70}}],"line":22},"3":{"loc":{"start":{"line":32,"column":12},"end":{"line":39,"column":17}},"type":"if","locations":[{"start":{"line":32,"column":12},"end":{"line":39,"column":17}},{"start":{"line":32,"column":12},"end":{"line":39,"column":17}}],"line":32},"4":{"loc":{"start":{"line":34,"column":16},"end":{"line":39,"column":17}},"type":"if","locations":[{"start":{"line":34,"column":16},"end":{"line":39,"column":17}},{"start":{"line":34,"column":16},"end":{"line":39,"column":17}}],"line":34},"5":{"loc":{"start":{"line":48,"column":12},"end":{"line":54,"column":13}},"type":"if","locations":[{"start":{"line":48,"column":12},"end":{"line":54,"column":13}},{"start":{"line":48,"column":12},"end":{"line":54,"column":13}}],"line":48},"6":{"loc":{"start":{"line":63,"column":12},"end":{"line":66,"column":26}},"type":"if","locations":[{"start":{"line":63,"column":12},"end":{"line":66,"column":26}},{"start":{"line":63,"column":12},"end":{"line":66,"column":26}}],"line":63},"7":{"loc":{"start":{"line":76,"column":12},"end":{"line":83,"column":13}},"type":"if","locations":[{"start":{"line":76,"column":12},"end":{"line":83,"column":13}},{"start":{"line":76,"column":12},"end":{"line":83,"column":13}}],"line":76},"8":{"loc":{"start":{"line":78,"column":17},"end":{"line":83,"column":13}},"type":"if","locations":[{"start":{"line":78,"column":17},"end":{"line":83,"column":13}},{"start":{"line":78,"column":17},"end":{"line":83,"column":13}}],"line":78},"9":{"loc":{"start":{"line":92,"column":12},"end":{"line":99,"column":13}},"type":"if","locations":[{"start":{"line":92,"column":12},"end":{"line":99,"column":13}},{"start":{"line":92,"column":12},"end":{"line":99,"column":13}}],"line":92},"10":{"loc":{"start":{"line":94,"column":17},"end":{"line":99,"column":13}},"type":"if","locations":[{"start":{"line":94,"column":17},"end":{"line":99,"column":13}},{"start":{"line":94,"column":17},"end":{"line":99,"column":13}}],"line":94},"11":{"loc":{"start":{"line":115,"column":12},"end":{"line":119,"column":13}},"type":"if","locations":[{"start":{"line":115,"column":12},"end":{"line":119,"column":13}},{"start":{"line":115,"column":12},"end":{"line":119,"column":13}}],"line":115},"12":{"loc":{"start":{"line":129,"column":12},"end":{"line":137,"column":13}},"type":"if","locations":[{"start":{"line":129,"column":12},"end":{"line":137,"column":13}},{"start":{"line":129,"column":12},"end":{"line":137,"column":13}}],"line":129},"13":{"loc":{"start":{"line":132,"column":17},"end":{"line":137,"column":13}},"type":"if","locations":[{"start":{"line":132,"column":17},"end":{"line":137,"column":13}},{"start":{"line":132,"column":17},"end":{"line":137,"column":13}}],"line":132},"14":{"loc":{"start":{"line":146,"column":12},"end":{"line":150,"column":13}},"type":"if","locations":[{"start":{"line":146,"column":12},"end":{"line":150,"column":13}},{"start":{"line":146,"column":12},"end":{"line":150,"column":13}}],"line":146}},"s":{"0":1,"1":1,"2":1,"3":1,"4":1,"5":6,"6":6,"7":6,"8":6,"9":0,"10":6,"11":1,"12":5,"13":5,"14":5,"15":5,"16":1,"17":4,"18":4,"19":4,"20":4,"21":0,"22":4,"23":0,"24":4,"25":1,"26":5,"27":5,"28":5,"29":5,"30":0,"31":5,"32":30,"33":1,"34":4,"35":4,"36":4,"37":4,"38":0,"39":4,"40":1,"41":60,"42":60,"43":60,"44":60,"45":0,"46":60,"47":0,"48":60,"49":60,"50":1,"51":8,"52":8,"53":8,"54":8,"55":0,"56":8,"57":4,"58":4,"59":4,"60":1,"61":4,"62":4,"63":4,"64":4,"65":4,"66":4,"67":0,"68":4,"69":1,"70":2,"71":2,"72":2,"73":2,"74":0,"75":2,"76":1,"77":1,"78":1,"79":1,"80":1,"81":1,"82":1,"83":0,"84":1,"85":9},"f":{"0":6,"1":6,"2":6,"3":4,"4":4,"5":4,"6":5,"7":5,"8":5,"9":30,"10":4,"11":4,"12":4,"13":60,"14":60,"15":60,"16":8,"17":8,"18":8,"19":4,"20":4,"21":4,"22":2,"23":2,"24":2,"25":1,"26":1,"27":1,"28":9},"b":{"0":[0,6],"1":[1,5],"2":[4,1],"3":[0,4],"4":[0,4],"5":[0,5],"6":[0,4],"7":[0,60],"8":[0,60],"9":[0,8],"10":[4,4],"11":[0,4],"12":[0,2],"13":[1,1],"14":[0,1]},"_coverageSchema":"1a1c01bbd47fc00a2c39e90264f33305004495a9","hash":"991fb31e9aad5196e33f424e8b04d1e7e3b45059","contentHash":"62e1e65d5c2a55b9c7147920410b8ec054ac1bb5320b9542368086efb77070c4"},"/Users/antonellocaputo/SWII_Git/se2022-08-HikeTracker/server/models/User.js":{"path":"/Users/antonellocaputo/SWII_Git/se2022-08-HikeTracker/server/models/User.js","statementMap":{"0":{"start":{"line":16,"column":8},"end":{"line":16,"column":19}},"1":{"start":{"line":17,"column":8},"end":{"line":17,"column":23}},"2":{"start":{"line":18,"column":8},"end":{"line":18,"column":29}},"3":{"start":{"line":19,"column":8},"end":{"line":19,"column":25}},"4":{"start":{"line":20,"column":8},"end":{"line":20,"column":31}},"5":{"start":{"line":21,"column":8},"end":{"line":21,"column":23}},"6":{"start":{"line":22,"column":8},"end":{"line":22,"column":43}},"7":{"start":{"line":23,"column":8},"end":{"line":23,"column":39}},"8":{"start":{"line":24,"column":8},"end":{"line":24,"column":23}},"9":{"start":{"line":25,"column":8},"end":{"line":25,"column":25}},"10":{"start":{"line":29,"column":0},"end":{"line":29,"column":22}}},"fnMap":{"0":{"name":"(anonymous_0)","decl":{"start":{"line":15,"column":4},"end":{"line":15,"column":5}},"loc":{"start":{"line":15,"column":100},"end":{"line":26,"column":5}},"line":15}},"branchMap":{},"s":{"0":99,"1":99,"2":99,"3":99,"4":99,"5":99,"6":99,"7":99,"8":99,"9":99,"10":1},"f":{"0":99},"b":{},"_coverageSchema":"1a1c01bbd47fc00a2c39e90264f33305004495a9","hash":"74f700af62070b51b2e46da3c704f93a3c70175b","contentHash":"f2c8a7938cd8dfad6ad7ca863938c30dbca1e9b56d6d8b29330eb4ac033b11a6"},"/Users/antonellocaputo/SWII_Git/se2022-08-HikeTracker/server/routes/User.js":{"path":"/Users/antonellocaputo/SWII_Git/se2022-08-HikeTracker/server/routes/User.js","statementMap":{"0":{"start":{"line":4,"column":16},"end":{"line":4,"column":34}},"1":{"start":{"line":5,"column":13},"end":{"line":5,"column":28}},"2":{"start":{"line":6,"column":19},"end":{"line":6,"column":57}},"3":{"start":{"line":7,"column":15},"end":{"line":7,"column":32}},"4":{"start":{"line":8,"column":16},"end":{"line":8,"column":41}},"5":{"start":{"line":9,"column":35},"end":{"line":9,"column":63}},"6":{"start":{"line":11,"column":15},"end":{"line":11,"column":31}},"7":{"start":{"line":14,"column":0},"end":{"line":49,"column":3}},"8":{"start":{"line":26,"column":4},"end":{"line":48,"column":5}},"9":{"start":{"line":27,"column":23},"end":{"line":27,"column":44}},"10":{"start":{"line":28,"column":8},"end":{"line":30,"column":9}},"11":{"start":{"line":29,"column":12},"end":{"line":29,"column":99}},"12":{"start":{"line":32,"column":23},"end":{"line":32,"column":67}},"13":{"start":{"line":33,"column":8},"end":{"line":43,"column":9}},"14":{"start":{"line":34,"column":26},"end":{"line":34,"column":64}},"15":{"start":{"line":35,"column":12},"end":{"line":35,"column":51}},"16":{"start":{"line":36,"column":25},"end":{"line":36,"column":75}},"17":{"start":{"line":38,"column":12},"end":{"line":38,"column":83}},"18":{"start":{"line":40,"column":12},"end":{"line":40,"column":41}},"19":{"start":{"line":42,"column":12},"end":{"line":42,"column":100}},"20":{"start":{"line":46,"column":8},"end":{"line":46,"column":25}},"21":{"start":{"line":47,"column":8},"end":{"line":47,"column":52}},"22":{"start":{"line":54,"column":0},"end":{"line":77,"column":3}},"23":{"start":{"line":55,"column":4},"end":{"line":76,"column":5}},"24":{"start":{"line":56,"column":22},"end":{"line":56,"column":38}},"25":{"start":{"line":57,"column":8},"end":{"line":72,"column":9}},"26":{"start":{"line":59,"column":26},"end":{"line":59,"column":54}},"27":{"start":{"line":60,"column":12},"end":{"line":68,"column":13}},"28":{"start":{"line":61,"column":31},"end":{"line":61,"column":60}},"29":{"start":{"line":62,"column":16},"end":{"line":64,"column":17}},"30":{"start":{"line":63,"column":20},"end":{"line":63,"column":122}},"31":{"start":{"line":67,"column":16},"end":{"line":67,"column":111}},"32":{"start":{"line":71,"column":12},"end":{"line":71,"column":68}},"33":{"start":{"line":74,"column":8},"end":{"line":74,"column":25}},"34":{"start":{"line":75,"column":8},"end":{"line":75,"column":52}},"35":{"start":{"line":83,"column":0},"end":{"line":83,"column":24}}},"fnMap":{"0":{"name":"(anonymous_0)","decl":{"start":{"line":24,"column":3},"end":{"line":24,"column":4}},"loc":{"start":{"line":24,"column":23},"end":{"line":49,"column":1}},"line":24},"1":{"name":"(anonymous_1)","decl":{"start":{"line":54,"column":36},"end":{"line":54,"column":37}},"loc":{"start":{"line":54,"column":56},"end":{"line":77,"column":1}},"line":54}},"branchMap":{"0":{"loc":{"start":{"line":28,"column":8},"end":{"line":30,"column":9}},"type":"if","locations":[{"start":{"line":28,"column":8},"end":{"line":30,"column":9}},{"start":{"line":28,"column":8},"end":{"line":30,"column":9}}],"line":28},"1":{"loc":{"start":{"line":33,"column":8},"end":{"line":43,"column":9}},"type":"if","locations":[{"start":{"line":33,"column":8},"end":{"line":43,"column":9}},{"start":{"line":33,"column":8},"end":{"line":43,"column":9}}],"line":33},"2":{"loc":{"start":{"line":57,"column":8},"end":{"line":72,"column":9}},"type":"if","locations":[{"start":{"line":57,"column":8},"end":{"line":72,"column":9}},{"start":{"line":57,"column":8},"end":{"line":72,"column":9}}],"line":57},"3":{"loc":{"start":{"line":60,"column":12},"end":{"line":68,"column":13}},"type":"if","locations":[{"start":{"line":60,"column":12},"end":{"line":68,"column":13}},{"start":{"line":60,"column":12},"end":{"line":68,"column":13}}],"line":60},"4":{"loc":{"start":{"line":62,"column":16},"end":{"line":64,"column":17}},"type":"if","locations":[{"start":{"line":62,"column":16},"end":{"line":64,"column":17}},{"start":{"line":62,"column":16},"end":{"line":64,"column":17}}],"line":62}},"s":{"0":1,"1":1,"2":1,"3":1,"4":1,"5":1,"6":1,"7":1,"8":16,"9":16,"10":16,"11":12,"12":4,"13":4,"14":4,"15":4,"16":4,"17":4,"18":4,"19":0,"20":0,"21":0,"22":1,"23":2,"24":2,"25":2,"26":2,"27":2,"28":1,"29":1,"30":1,"31":1,"32":0,"33":0,"34":0,"35":1},"f":{"0":16,"1":2},"b":{"0":[12,4],"1":[4,0],"2":[2,0],"3":[1,1],"4":[1,0]},"_coverageSchema":"1a1c01bbd47fc00a2c39e90264f33305004495a9","hash":"426a729f8ce71027fc15db5f8f87b769f5a054dd","contentHash":"72b6d97bb6de43654f1894abfadde6af3d8a8d791921211851b2308862c18def"},"/Users/antonellocaputo/SWII_Git/se2022-08-HikeTracker/server/config/nodemailer.config.js":{"path":"/Users/antonellocaputo/SWII_Git/se2022-08-HikeTracker/server/config/nodemailer.config.js","statementMap":{"0":{"start":{"line":1,"column":19},"end":{"line":1,"column":40}},"1":{"start":{"line":2,"column":15},"end":{"line":2,"column":47}},"2":{"start":{"line":4,"column":13},"end":{"line":4,"column":24}},"3":{"start":{"line":5,"column":17},"end":{"line":5,"column":32}},"4":{"start":{"line":7,"column":18},"end":{"line":13,"column":2}},"5":{"start":{"line":15,"column":0},"end":{"line":26,"column":2}},"6":{"start":{"line":16,"column":4},"end":{"line":25,"column":37}},"7":{"start":{"line":25,"column":19},"end":{"line":25,"column":35}}},"fnMap":{"0":{"name":"(anonymous_0)","decl":{"start":{"line":15,"column":39},"end":{"line":15,"column":40}},"loc":{"start":{"line":15,"column":57},"end":{"line":26,"column":1}},"line":15},"1":{"name":"(anonymous_1)","decl":{"start":{"line":25,"column":13},"end":{"line":25,"column":14}},"loc":{"start":{"line":25,"column":19},"end":{"line":25,"column":35}},"line":25}},"branchMap":{},"s":{"0":1,"1":1,"2":1,"3":1,"4":1,"5":1,"6":4,"7":0},"f":{"0":4,"1":0},"b":{},"_coverageSchema":"1a1c01bbd47fc00a2c39e90264f33305004495a9","hash":"b2e423b1f36929d0590eebdd32fe5bd2ef997d09","contentHash":"2f25550b0d771ef81bb9809b96e38b8d69fb95689a25f0be61659c9dc5073352"},"/Users/antonellocaputo/SWII_Git/se2022-08-HikeTracker/server/config/auth.config.js":{"path":"/Users/antonellocaputo/SWII_Git/se2022-08-HikeTracker/server/config/auth.config.js","statementMap":{"0":{"start":{"line":1,"column":0},"end":{"line":4,"column":1}}},"fnMap":{},"branchMap":{},"s":{"0":1},"f":{},"b":{},"_coverageSchema":"1a1c01bbd47fc00a2c39e90264f33305004495a9","hash":"bd5d1b3ad8a575c54be47b1ce192d57beefcbd61","contentHash":"ae443f37aeead5136680a553cfa884f9c3027848caee34605547046cdd3e3408"},"/Users/antonellocaputo/SWII_Git/se2022-08-HikeTracker/server/routes/Hike.js":{"path":"/Users/antonellocaputo/SWII_Git/se2022-08-HikeTracker/server/routes/Hike.js","statementMap":{"0":{"start":{"line":4,"column":16},"end":{"line":4,"column":34}},"1":{"start":{"line":5,"column":11},"end":{"line":5,"column":24}},"2":{"start":{"line":6,"column":13},"end":{"line":6,"column":38}},"3":{"start":{"line":8,"column":36},"end":{"line":8,"column":64}},"4":{"start":{"line":10,"column":16},"end":{"line":10,"column":41}},"5":{"start":{"line":11,"column":15},"end":{"line":11,"column":39}},"6":{"start":{"line":12,"column":16},"end":{"line":12,"column":41}},"7":{"start":{"line":13,"column":20},"end":{"line":13,"column":49}},"8":{"start":{"line":14,"column":19},"end":{"line":14,"column":47}},"9":{"start":{"line":15,"column":21},"end":{"line":15,"column":51}},"10":{"start":{"line":16,"column":15},"end":{"line":16,"column":31}},"11":{"start":{"line":23,"column":0},"end":{"line":179,"column":3}},"12":{"start":{"line":24,"column":4},"end":{"line":178,"column":5}},"13":{"start":{"line":25,"column":8},"end":{"line":27,"column":9}},"14":{"start":{"line":26,"column":12},"end":{"line":26,"column":68}},"15":{"start":{"line":28,"column":8},"end":{"line":175,"column":9}},"16":{"start":{"line":29,"column":12},"end":{"line":29,"column":36}},"17":{"start":{"line":32,"column":24},"end":{"line":32,"column":37}},"18":{"start":{"line":33,"column":25},"end":{"line":33,"column":77}},"19":{"start":{"line":35,"column":30},"end":{"line":35,"column":53}},"20":{"start":{"line":37,"column":25},"end":{"line":53,"column":13}},"21":{"start":{"line":56,"column":12},"end":{"line":58,"column":13}},"22":{"start":{"line":57,"column":16},"end":{"line":57,"column":41}},"23":{"start":{"line":59,"column":12},"end":{"line":86,"column":13}},"24":{"start":{"line":62,"column":36},"end":{"line":62,"column":90}},"25":{"start":{"line":63,"column":24},"end":{"line":65,"column":25}},"26":{"start":{"line":64,"column":28},"end":{"line":64,"column":55}},"27":{"start":{"line":66,"column":24},"end":{"line":66,"column":29}},"28":{"start":{"line":70,"column":36},"end":{"line":70,"column":80}},"29":{"start":{"line":71,"column":24},"end":{"line":73,"column":25}},"30":{"start":{"line":72,"column":28},"end":{"line":72,"column":55}},"31":{"start":{"line":74,"column":24},"end":{"line":74,"column":29}},"32":{"start":{"line":78,"column":36},"end":{"line":78,"column":91}},"33":{"start":{"line":79,"column":24},"end":{"line":81,"column":25}},"34":{"start":{"line":80,"column":28},"end":{"line":80,"column":55}},"35":{"start":{"line":82,"column":24},"end":{"line":82,"column":29}},"36":{"start":{"line":85,"column":20},"end":{"line":85,"column":47}},"37":{"start":{"line":87,"column":12},"end":{"line":114,"column":13}},"38":{"start":{"line":90,"column":36},"end":{"line":90,"column":88}},"39":{"start":{"line":91,"column":24},"end":{"line":93,"column":25}},"40":{"start":{"line":92,"column":28},"end":{"line":92,"column":53}},"41":{"start":{"line":94,"column":24},"end":{"line":94,"column":29}},"42":{"start":{"line":98,"column":36},"end":{"line":98,"column":78}},"43":{"start":{"line":99,"column":24},"end":{"line":101,"column":25}},"44":{"start":{"line":100,"column":28},"end":{"line":100,"column":53}},"45":{"start":{"line":102,"column":24},"end":{"line":102,"column":29}},"46":{"start":{"line":106,"column":36},"end":{"line":106,"column":89}},"47":{"start":{"line":107,"column":24},"end":{"line":109,"column":25}},"48":{"start":{"line":108,"column":28},"end":{"line":108,"column":53}},"49":{"start":{"line":110,"column":24},"end":{"line":110,"column":29}},"50":{"start":{"line":113,"column":20},"end":{"line":113,"column":45}},"51":{"start":{"line":117,"column":34},"end":{"line":117,"column":68}},"52":{"start":{"line":118,"column":34},"end":{"line":118,"column":105}},"53":{"start":{"line":118,"column":94},"end":{"line":118,"column":104}},"54":{"start":{"line":119,"column":39},"end":{"line":119,"column":98}},"55":{"start":{"line":119,"column":69},"end":{"line":119,"column":97}},"56":{"start":{"line":120,"column":12},"end":{"line":121,"column":49}},"57":{"start":{"line":121,"column":16},"end":{"line":121,"column":49}},"58":{"start":{"line":124,"column":23},"end":{"line":124,"column":61}},"59":{"start":{"line":125,"column":12},"end":{"line":125,"column":25}},"60":{"start":{"line":127,"column":12},"end":{"line":154,"column":13}},"61":{"start":{"line":128,"column":26},"end":{"line":128,"column":30}},"62":{"start":{"line":129,"column":16},"end":{"line":139,"column":17}},"63":{"start":{"line":131,"column":24},"end":{"line":131,"column":70}},"64":{"start":{"line":132,"column":24},"end":{"line":132,"column":30}},"65":{"start":{"line":134,"column":24},"end":{"line":134,"column":60}},"66":{"start":{"line":135,"column":24},"end":{"line":135,"column":30}},"67":{"start":{"line":137,"column":24},"end":{"line":137,"column":71}},"68":{"start":{"line":138,"column":24},"end":{"line":138,"column":30}},"69":{"start":{"line":140,"column":16},"end":{"line":146,"column":17}},"70":{"start":{"line":141,"column":20},"end":{"line":141,"column":34}},"71":{"start":{"line":142,"column":20},"end":{"line":144,"column":23}},"72":{"start":{"line":143,"column":24},"end":{"line":143,"column":58}},"73":{"start":{"line":145,"column":20},"end":{"line":145,"column":52}},"74":{"start":{"line":147,"column":16},"end":{"line":153,"column":18}},"75":{"start":{"line":148,"column":20},"end":{"line":148,"column":34}},"76":{"start":{"line":149,"column":20},"end":{"line":151,"column":23}},"77":{"start":{"line":150,"column":24},"end":{"line":150,"column":58}},"78":{"start":{"line":152,"column":20},"end":{"line":152,"column":52}},"79":{"start":{"line":155,"column":12},"end":{"line":160,"column":13}},"80":{"start":{"line":156,"column":16},"end":{"line":158,"column":19}},"81":{"start":{"line":157,"column":20},"end":{"line":157,"column":59}},"82":{"start":{"line":159,"column":16},"end":{"line":159,"column":41}},"83":{"start":{"line":162,"column":12},"end":{"line":170,"column":15}},"84":{"start":{"line":163,"column":16},"end":{"line":169,"column":17}},"85":{"start":{"line":164,"column":20},"end":{"line":166,"column":23}},"86":{"start":{"line":165,"column":24},"end":{"line":165,"column":63}},"87":{"start":{"line":167,"column":20},"end":{"line":167,"column":61}},"88":{"start":{"line":168,"column":20},"end":{"line":168,"column":30}},"89":{"start":{"line":172,"column":12},"end":{"line":174,"column":15}},"90":{"start":{"line":177,"column":8},"end":{"line":177,"column":34}},"91":{"start":{"line":190,"column":0},"end":{"line":195,"column":7}},"92":{"start":{"line":192,"column":8},"end":{"line":194,"column":107}},"93":{"start":{"line":193,"column":33},"end":{"line":193,"column":64}},"94":{"start":{"line":194,"column":25},"end":{"line":194,"column":105}},"95":{"start":{"line":199,"column":0},"end":{"line":207,"column":7}},"96":{"start":{"line":204,"column":8},"end":{"line":206,"column":107}},"97":{"start":{"line":205,"column":33},"end":{"line":205,"column":64}},"98":{"start":{"line":206,"column":25},"end":{"line":206,"column":105}},"99":{"start":{"line":211,"column":0},"end":{"line":219,"column":7}},"100":{"start":{"line":216,"column":8},"end":{"line":218,"column":104}},"101":{"start":{"line":217,"column":30},"end":{"line":217,"column":58}},"102":{"start":{"line":218,"column":25},"end":{"line":218,"column":102}},"103":{"start":{"line":222,"column":0},"end":{"line":330,"column":3}},"104":{"start":{"line":224,"column":17},"end":{"line":224,"column":31}},"105":{"start":{"line":225,"column":21},"end":{"line":225,"column":39}},"106":{"start":{"line":226,"column":20},"end":{"line":226,"column":37}},"107":{"start":{"line":227,"column":23},"end":{"line":227,"column":43}},"108":{"start":{"line":228,"column":25},"end":{"line":228,"column":47}},"109":{"start":{"line":229,"column":19},"end":{"line":229,"column":35}},"110":{"start":{"line":230,"column":26},"end":{"line":230,"column":49}},"111":{"start":{"line":232,"column":4},"end":{"line":329,"column":99}},"112":{"start":{"line":234,"column":25},"end":{"line":234,"column":30}},"113":{"start":{"line":235,"column":12},"end":{"line":237,"column":13}},"114":{"start":{"line":236,"column":16},"end":{"line":236,"column":60}},"115":{"start":{"line":236,"column":44},"end":{"line":236,"column":58}},"116":{"start":{"line":238,"column":12},"end":{"line":240,"column":13}},"117":{"start":{"line":239,"column":16},"end":{"line":239,"column":68}},"118":{"start":{"line":239,"column":44},"end":{"line":239,"column":66}},"119":{"start":{"line":241,"column":12},"end":{"line":243,"column":13}},"120":{"start":{"line":242,"column":16},"end":{"line":242,"column":66}},"121":{"start":{"line":242,"column":44},"end":{"line":242,"column":64}},"122":{"start":{"line":244,"column":12},"end":{"line":246,"column":13}},"123":{"start":{"line":245,"column":16},"end":{"line":245,"column":72}},"124":{"start":{"line":245,"column":44},"end":{"line":245,"column":70}},"125":{"start":{"line":247,"column":12},"end":{"line":257,"column":13}},"126":{"start":{"line":248,"column":16},"end":{"line":256,"column":17}},"127":{"start":{"line":249,"column":20},"end":{"line":249,"column":96}},"128":{"start":{"line":249,"column":48},"end":{"line":249,"column":94}},"129":{"start":{"line":250,"column":23},"end":{"line":256,"column":17}},"130":{"start":{"line":251,"column":20},"end":{"line":251,"column":97}},"131":{"start":{"line":251,"column":48},"end":{"line":251,"column":95}},"132":{"start":{"line":252,"column":23},"end":{"line":256,"column":17}},"133":{"start":{"line":253,"column":20},"end":{"line":253,"column":71}},"134":{"start":{"line":253,"column":48},"end":{"line":253,"column":69}},"135":{"start":{"line":255,"column":20},"end":{"line":255,"column":78}},"136":{"start":{"line":258,"column":12},"end":{"line":270,"column":13}},"137":{"start":{"line":259,"column":16},"end":{"line":269,"column":17}},"138":{"start":{"line":260,"column":20},"end":{"line":260,"column":82}},"139":{"start":{"line":260,"column":48},"end":{"line":260,"column":80}},"140":{"start":{"line":261,"column":23},"end":{"line":269,"column":17}},"141":{"start":{"line":262,"column":20},"end":{"line":262,"column":84}},"142":{"start":{"line":262,"column":48},"end":{"line":262,"column":82}},"143":{"start":{"line":263,"column":23},"end":{"line":269,"column":17}},"144":{"start":{"line":264,"column":20},"end":{"line":264,"column":85}},"145":{"start":{"line":264,"column":48},"end":{"line":264,"column":83}},"146":{"start":{"line":265,"column":23},"end":{"line":269,"column":17}},"147":{"start":{"line":266,"column":20},"end":{"line":266,"column":65}},"148":{"start":{"line":266,"column":48},"end":{"line":266,"column":63}},"149":{"start":{"line":268,"column":20},"end":{"line":268,"column":78}},"150":{"start":{"line":271,"column":12},"end":{"line":283,"column":13}},"151":{"start":{"line":272,"column":16},"end":{"line":282,"column":17}},"152":{"start":{"line":273,"column":20},"end":{"line":273,"column":98}},"153":{"start":{"line":273,"column":48},"end":{"line":273,"column":96}},"154":{"start":{"line":274,"column":23},"end":{"line":282,"column":17}},"155":{"start":{"line":275,"column":20},"end":{"line":275,"column":98}},"156":{"start":{"line":275,"column":48},"end":{"line":275,"column":96}},"157":{"start":{"line":276,"column":23},"end":{"line":282,"column":17}},"158":{"start":{"line":277,"column":20},"end":{"line":277,"column":98}},"159":{"start":{"line":277,"column":48},"end":{"line":277,"column":96}},"160":{"start":{"line":278,"column":23},"end":{"line":282,"column":17}},"161":{"start":{"line":279,"column":20},"end":{"line":279,"column":71}},"162":{"start":{"line":279,"column":48},"end":{"line":279,"column":69}},"163":{"start":{"line":281,"column":20},"end":{"line":281,"column":78}},"164":{"start":{"line":285,"column":12},"end":{"line":325,"column":13}},"165":{"start":{"line":286,"column":16},"end":{"line":295,"column":17}},"166":{"start":{"line":287,"column":34},"end":{"line":287,"column":78}},"167":{"start":{"line":288,"column":20},"end":{"line":288,"column":39}},"168":{"start":{"line":289,"column":23},"end":{"line":295,"column":17}},"169":{"start":{"line":290,"column":34},"end":{"line":290,"column":89}},"170":{"start":{"line":291,"column":20},"end":{"line":291,"column":39}},"171":{"start":{"line":292,"column":23},"end":{"line":295,"column":17}},"172":{"start":{"line":293,"column":34},"end":{"line":293,"column":88}},"173":{"start":{"line":294,"column":20},"end":{"line":294,"column":39}},"174":{"start":{"line":296,"column":16},"end":{"line":305,"column":17}},"175":{"start":{"line":297,"column":32},"end":{"line":297,"column":74}},"176":{"start":{"line":298,"column":20},"end":{"line":298,"column":35}},"177":{"start":{"line":299,"column":23},"end":{"line":305,"column":17}},"178":{"start":{"line":300,"column":32},"end":{"line":300,"column":85}},"179":{"start":{"line":301,"column":20},"end":{"line":301,"column":35}},"180":{"start":{"line":302,"column":23},"end":{"line":305,"column":17}},"181":{"start":{"line":303,"column":32},"end":{"line":303,"column":84}},"182":{"start":{"line":304,"column":20},"end":{"line":304,"column":35}},"183":{"start":{"line":306,"column":35},"end":{"line":306,"column":83}},"184":{"start":{"line":307,"column":16},"end":{"line":307,"column":43}},"185":{"start":{"line":308,"column":16},"end":{"line":322,"column":17}},"186":{"start":{"line":309,"column":20},"end":{"line":321,"column":21}},"187":{"start":{"line":310,"column":38},"end":{"line":310,"column":77}},"188":{"start":{"line":311,"column":24},"end":{"line":311,"column":67}},"189":{"start":{"line":312,"column":24},"end":{"line":312,"column":58}},"190":{"start":{"line":313,"column":27},"end":{"line":321,"column":21}},"191":{"start":{"line":314,"column":38},"end":{"line":314,"column":88}},"192":{"start":{"line":315,"column":24},"end":{"line":315,"column":67}},"193":{"star
[...]
ne":38,"column":33},"end":{"line":38,"column":55}},{"start":{"line":39,"column":12},"end":{"line":39,"column":33}},{"start":{"line":39,"column":37},"end":{"line":39,"column":63}},{"start":{"line":40,"column":12},"end":{"line":40,"column":32}},{"start":{"line":40,"column":36},"end":{"line":40,"column":61}},{"start":{"line":41,"column":12},"end":{"line":41,"column":36}},{"start":{"line":41,"column":40},"end":{"line":41,"column":69}},{"start":{"line":42,"column":12},"end":{"line":42,"column":31}},{"start":{"line":42,"column":35},"end":{"line":42,"column":59}},{"start":{"line":42,"column":63},"end":{"line":42,"column":81}},{"start":{"line":43,"column":12},"end":{"line":43,"column":37}},{"start":{"line":43,"column":41},"end":{"line":43,"column":71}},{"start":{"line":43,"column":75},"end":{"line":43,"column":99}},{"start":{"line":44,"column":12},"end":{"line":44,"column":38}},{"start":{"line":44,"column":42},"end":{"line":44,"column":73}},{"start":{"line":44,"column":77},"end":{"line":44,"column":102}},{"start":{"line":45,"column":12},"end":{"line":45,"column":35}},{"start":{"line":45,"column":39},"end":{"line":45,"column":67}},{"start":{"line":45,"column":71},"end":{"line":45,"column":93}},{"start":{"line":46,"column":12},"end":{"line":46,"column":34}},{"start":{"line":46,"column":38},"end":{"line":46,"column":65}},{"start":{"line":47,"column":12},"end":{"line":47,"column":41}},{"start":{"line":47,"column":45},"end":{"line":47,"column":79}},{"start":{"line":48,"column":12},"end":{"line":48,"column":39}},{"start":{"line":48,"column":43},"end":{"line":48,"column":75}},{"start":{"line":48,"column":79},"end":{"line":48,"column":105}},{"start":{"line":49,"column":12},"end":{"line":49,"column":39}},{"start":{"line":49,"column":43},"end":{"line":49,"column":75}},{"start":{"line":50,"column":12},"end":{"line":50,"column":37}},{"start":{"line":50,"column":41},"end":{"line":50,"column":71}},{"start":{"line":50,"column":75},"end":{"line":50,"column":99}}],"line":36}},"s":{"0":6,"1":6,"2":6,"3":6,"4":6,"5":6,"6":6,"7":1,"8":5,"9":1},"f":{"0":6,"1":6},"b":{"0":[1,5],"1":[6,5,5,5,5,5,5,5,5,5,5,5,5,5,5,5,5,5,5,5,5,5,5,5,5,5,5,5,5,5,5,5,5,5,5,5,5]},"_coverageSchema":"1a1c01bbd47fc00a2c39e90264f33305004495a9","hash":"488af8df64def1a69cd68ff03036133516d3cdf3","contentHash":"a3a761e1df8d5d93b8746c3c5136d4ae88359f9e2be488017d0121297316538c"},"/Users/antonellocaputo/SWII_Git/se2022-08-HikeTracker/server/dao/HutDAO.js":{"path":"/Users/antonellocaputo/SWII_Git/se2022-08-HikeTracker/server/dao/HutDAO.js","statementMap":{"0":{"start":{"line":5,"column":11},"end":{"line":5,"column":26}},"1":{"start":{"line":8,"column":0},"end":{"line":32,"column":2}},"2":{"start":{"line":9,"column":4},"end":{"line":31,"column":7}},"3":{"start":{"line":10,"column":20},"end":{"line":10,"column":52}},"4":{"start":{"line":11,"column":8},"end":{"line":30,"column":11}},"5":{"start":{"line":12,"column":12},"end":{"line":29,"column":13}},"6":{"start":{"line":13,"column":16},"end":{"line":13,"column":28}},"7":{"start":{"line":15,"column":28},"end":{"line":27,"column":20}},"8":{"start":{"line":15,"column":46},"end":{"line":27,"column":17}},"9":{"start":{"line":28,"column":16},"end":{"line":28,"column":29}},"10":{"start":{"line":34,"column":0},"end":{"line":61,"column":1}},"11":{"start":{"line":35,"column":4},"end":{"line":60,"column":7}},"12":{"start":{"line":36,"column":20},"end":{"line":36,"column":238}},"13":{"start":{"line":37,"column":8},"end":{"line":59,"column":11}},"14":{"start":{"line":54,"column":12},"end":{"line":57,"column":13}},"15":{"start":{"line":55,"column":16},"end":{"line":55,"column":28}},"16":{"start":{"line":56,"column":16},"end":{"line":56,"column":23}},"17":{"start":{"line":58,"column":12},"end":{"line":58,"column":28}},"18":{"start":{"line":63,"column":0},"end":{"line":76,"column":2}},"19":{"start":{"line":64,"column":4},"end":{"line":75,"column":7}},"20":{"start":{"line":65,"column":20},"end":{"line":65,"column":118}},"21":{"start":{"line":66,"column":8},"end":{"line":74,"column":11}},"22":{"start":{"line":67,"column":12},"end":{"line":73,"column":13}},"23":{"start":{"line":67,"column":23},"end":{"line":67,"column":35}},"24":{"start":{"line":68,"column":17},"end":{"line":73,"column":13}},"25":{"start":{"line":69,"column":21},"end":{"line":69,"column":36}},"26":{"start":{"line":72,"column":20},"end":{"line":72,"column":34}}},"fnMap":{"0":{"name":"(anonymous_0)","decl":{"start":{"line":8,"column":21},"end":{"line":8,"column":22}},"loc":{"start":{"line":8,"column":29},"end":{"line":32,"column":1}},"line":8},"1":{"name":"(anonymous_1)","decl":{"start":{"line":9,"column":23},"end":{"line":9,"column":24}},"loc":{"start":{"line":9,"column":44},"end":{"line":31,"column":5}},"line":9},"2":{"name":"(anonymous_2)","decl":{"start":{"line":11,"column":26},"end":{"line":11,"column":27}},"loc":{"start":{"line":11,"column":41},"end":{"line":30,"column":9}},"line":11},"3":{"name":"(anonymous_3)","decl":{"start":{"line":15,"column":38},"end":{"line":15,"column":39}},"loc":{"start":{"line":15,"column":46},"end":{"line":27,"column":17}},"line":15},"4":{"name":"(anonymous_4)","decl":{"start":{"line":34,"column":17},"end":{"line":34,"column":18}},"loc":{"start":{"line":34,"column":34},"end":{"line":61,"column":1}},"line":34},"5":{"name":"(anonymous_5)","decl":{"start":{"line":35,"column":23},"end":{"line":35,"column":24}},"loc":{"start":{"line":35,"column":44},"end":{"line":60,"column":5}},"line":35},"6":{"name":"(anonymous_6)","decl":{"start":{"line":53,"column":15},"end":{"line":53,"column":16}},"loc":{"start":{"line":53,"column":35},"end":{"line":59,"column":9}},"line":53},"7":{"name":"(anonymous_7)","decl":{"start":{"line":63,"column":24},"end":{"line":63,"column":25}},"loc":{"start":{"line":63,"column":33},"end":{"line":76,"column":1}},"line":63},"8":{"name":"(anonymous_8)","decl":{"start":{"line":64,"column":23},"end":{"line":64,"column":24}},"loc":{"start":{"line":64,"column":44},"end":{"line":75,"column":5}},"line":64},"9":{"name":"(anonymous_9)","decl":{"start":{"line":66,"column":87},"end":{"line":66,"column":88}},"loc":{"start":{"line":66,"column":101},"end":{"line":74,"column":9}},"line":66}},"branchMap":{"0":{"loc":{"start":{"line":12,"column":12},"end":{"line":29,"column":13}},"type":"if","locations":[{"start":{"line":12,"column":12},"end":{"line":29,"column":13}},{"start":{"line":12,"column":12},"end":{"line":29,"column":13}}],"line":12},"1":{"loc":{"start":{"line":54,"column":12},"end":{"line":57,"column":13}},"type":"if","locations":[{"start":{"line":54,"column":12},"end":{"line":57,"column":13}},{"start":{"line":54,"column":12},"end":{"line":57,"column":13}}],"line":54},"2":{"loc":{"start":{"line":67,"column":12},"end":{"line":73,"column":13}},"type":"if","locations":[{"start":{"line":67,"column":12},"end":{"line":73,"column":13}},{"start":{"line":67,"column":12},"end":{"line":73,"column":13}}],"line":67},"3":{"loc":{"start":{"line":68,"column":17},"end":{"line":73,"column":13}},"type":"if","locations":[{"start":{"line":68,"column":17},"end":{"line":73,"column":13}},{"start":{"line":68,"column":17},"end":{"line":73,"column":13}}],"line":68}},"s":{"0":1,"1":1,"2":27,"3":27,"4":27,"5":27,"6":0,"7":27,"8":27,"9":27,"10":1,"11":1,"12":1,"13":1,"14":1,"15":0,"16":0,"17":1,"18":1,"19":2,"20":2,"21":2,"22":2,"23":0,"24":2,"25":1,"26":1},"f":{"0":27,"1":27,"2":27,"3":27,"4":1,"5":1,"6":1,"7":2,"8":2,"9":2},"b":{"0":[0,27],"1":[0,1],"2":[0,2],"3":[1,1]},"_coverageSchema":"1a1c01bbd47fc00a2c39e90264f33305004495a9","hash":"5a54843ed7dfdecf81a03d63959e174d4d2b0809","contentHash":"97239f671f7c4f87b16a54c603d1b0e17d13783db92bdb7024bc595db87a62c5"},"/Users/antonellocaputo/SWII_Git/se2022-08-HikeTracker/server/dao/LocationDAO.js":{"path":"/Users/antonellocaputo/SWII_Git/se2022-08-HikeTracker/server/dao/LocationDAO.js","statementMap":{"0":{"start":{"line":5,"column":11},"end":{"line":5,"column":26}},"1":{"start":{"line":7,"column":0},"end":{"line":24,"column":2}},"2":{"start":{"line":8,"column":4},"end":{"line":23,"column":7}},"3":{"start":{"line":9,"column":20},"end":{"line":9,"column":57}},"4":{"start":{"line":10,"column":8},"end":{"line":22,"column":11}},"5":{"start":{"line":11,"column":12},"end":{"line":21,"column":13}},"6":{"start":{"line":12,"column":16},"end":{"line":12,"column":28}},"7":{"start":{"line":14,"column":33},"end":{"line":19,"column":20}},"8":{"start":{"line":14,"column":51},"end":{"line":19,"column":17}},"9":{"start":{"line":20,"column":16},"end":{"line":20,"column":34}}},"fnMap":{"0":{"name":"(anonymous_0)","decl":{"start":{"line":7,"column":26},"end":{"line":7,"column":27}},"loc":{"start":{"line":7,"column":34},"end":{"line":24,"column":1}},"line":7},"1":{"name":"(anonymous_1)","decl":{"start":{"line":8,"column":23},"end":{"line":8,"column":24}},"loc":{"start":{"line":8,"column":44},"end":{"line":23,"column":5}},"line":8},"2":{"name":"(anonymous_2)","decl":{"start":{"line":10,"column":26},"end":{"line":10,"column":27}},"loc":{"start":{"line":10,"column":41},"end":{"line":22,"column":9}},"line":10},"3":{"name":"(anonymous_3)","decl":{"start":{"line":14,"column":43},"end":{"line":14,"column":44}},"loc":{"start":{"line":14,"column":51},"end":{"line":19,"column":17}},"line":14}},"branchMap":{"0":{"loc":{"start":{"line":11,"column":12},"end":{"line":21,"column":13}},"type":"if","locations":[{"start":{"line":11,"column":12},"end":{"line":21,"column":13}},{"start":{"line":11,"column":12},"end":{"line":21,"column":13}}],"line":11}},"s":{"0":1,"1":1,"2":130,"3":130,"4":130,"5":130,"6":0,"7":130,"8":130,"9":130},"f":{"0":130,"1":130,"2":130,"3":130},"b":{"0":[0,130]},"_coverageSchema":"1a1c01bbd47fc00a2c39e90264f33305004495a9","hash":"f68b32e1882b2784a7774b8546335c9d1a15b44f","contentHash":"8d62f79d1b7677853669311530472bc29f0f8114ba822c1186d051997276dd1a"},"/Users/antonellocaputo/SWII_Git/se2022-08-HikeTracker/server/dao/ParkingDAO.js":{"path":"/Users/antonellocaputo/SWII_Git/se2022-08-HikeTracker/server/dao/ParkingDAO.js","statementMap":{"0":{"start":{"line":5,"column":11},"end":{"line":5,"column":26}},"1":{"start":{"line":7,"column":0},"end":{"line":25,"column":2}},"2":{"start":{"line":8,"column":4},"end":{"line":24,"column":7}},"3":{"start":{"line":9,"column":20},"end":{"line":9,"column":60}},"4":{"start":{"line":10,"column":8},"end":{"line":23,"column":11}},"5":{"start":{"line":11,"column":12},"end":{"line":22,"column":13}},"6":{"start":{"line":12,"column":16},"end":{"line":12,"column":28}},"7":{"start":{"line":14,"column":32},"end":{"line":20,"column":20}},"8":{"start":{"line":14,"column":50},"end":{"line":20,"column":17}},"9":{"start":{"line":21,"column":16},"end":{"line":21,"column":33}}},"fnMap":{"0":{"name":"(anonymous_0)","decl":{"start":{"line":7,"column":28},"end":{"line":7,"column":29}},"loc":{"start":{"line":7,"column":36},"end":{"line":25,"column":1}},"line":7},"1":{"name":"(anonymous_1)","decl":{"start":{"line":8,"column":23},"end":{"line":8,"column":24}},"loc":{"start":{"line":8,"column":44},"end":{"line":24,"column":5}},"line":8},"2":{"name":"(anonymous_2)","decl":{"start":{"line":10,"column":26},"end":{"line":10,"column":27}},"loc":{"start":{"line":10,"column":41},"end":{"line":23,"column":9}},"line":10},"3":{"name":"(anonymous_3)","decl":{"start":{"line":14,"column":42},"end":{"line":14,"column":43}},"loc":{"start":{"line":14,"column":50},"end":{"line":20,"column":17}},"line":14}},"branchMap":{"0":{"loc":{"start":{"line":11,"column":12},"end":{"line":22,"column":13}},"type":"if","locations":[{"start":{"line":11,"column":12},"end":{"line":22,"column":13}},{"start":{"line":11,"column":12},"end":{"line":22,"column":13}}],"line":11}},"s":{"0":1,"1":1,"2":30,"3":30,"4":30,"5":30,"6":0,"7":30,"8":30,"9":30},"f":{"0":30,"1":30,"2":30,"3":30},"b":{"0":[0,30]},"_coverageSchema":"1a1c01bbd47fc00a2c39e90264f33305004495a9","hash":"0a00260e844f4832a52214630319ad6eecd21e28","contentHash":"cf9875cce29f403831d0b859456b027be30d358d32cb3b2591203be47ee0f3ce"},"/Users/antonellocaputo/SWII_Git/se2022-08-HikeTracker/server/dao/ReferenceDAO.js":{"path":"/Users/antonellocaputo/SWII_Git/se2022-08-HikeTracker/server/dao/ReferenceDAO.js","statementMap":{"0":{"start":{"line":5,"column":11},"end":{"line":5,"column":26}},"1":{"start":{"line":7,"column":0},"end":{"line":23,"column":2}},"2":{"start":{"line":8,"column":4},"end":{"line":22,"column":7}},"3":{"start":{"line":9,"column":20},"end":{"line":9,"column":69}},"4":{"start":{"line":10,"column":8},"end":{"line":21,"column":11}},"5":{"start":{"line":11,"column":12},"end":{"line":20,"column":13}},"6":{"start":{"line":12,"column":16},"end":{"line":12,"column":28}},"7":{"start":{"line":14,"column":35},"end":{"line":18,"column":20}},"8":{"start":{"line":14,"column":53},"end":{"line":18,"column":17}},"9":{"start":{"line":19,"column":16},"end":{"line":19,"column":36}}},"fnMap":{"0":{"name":"(anonymous_0)","decl":{"start":{"line":7,"column":31},"end":{"line":7,"column":32}},"loc":{"start":{"line":7,"column":39},"end":{"line":23,"column":1}},"line":7},"1":{"name":"(anonymous_1)","decl":{"start":{"line":8,"column":23},"end":{"line":8,"column":24}},"loc":{"start":{"line":8,"column":44},"end":{"line":22,"column":5}},"line":8},"2":{"name":"(anonymous_2)","decl":{"start":{"line":10,"column":26},"end":{"line":10,"column":27}},"loc":{"start":{"line":10,"column":41},"end":{"line":21,"column":9}},"line":10},"3":{"name":"(anonymous_3)","decl":{"start":{"line":14,"column":45},"end":{"line":14,"column":46}},"loc":{"start":{"line":14,"column":53},"end":{"line":18,"column":17}},"line":14}},"branchMap":{"0":{"loc":{"start":{"line":11,"column":12},"end":{"line":20,"column":13}},"type":"if","locations":[{"start":{"line":11,"column":12},"end":{"line":20,"column":13}},{"start":{"line":11,"column":12},"end":{"line":20,"column":13}}],"line":11}},"s":{"0":1,"1":1,"2":55,"3":55,"4":55,"5":55,"6":0,"7":55,"8":64,"9":55},"f":{"0":55,"1":55,"2":55,"3":64},"b":{"0":[0,55]},"_coverageSchema":"1a1c01bbd47fc00a2c39e90264f33305004495a9","hash":"6aa56f30329e206a2f199dc094eedfc01c6962b2","contentHash":"5c2c2b46fedfffd251958843bd8ae6fd78b33a4e00c5ca72a7a3cfb7aa486487"},"/Users/antonellocaputo/SWII_Git/se2022-08-HikeTracker/server/routes/Hut.js":{"path":"/Users/antonellocaputo/SWII_Git/se2022-08-HikeTracker/server/routes/Hut.js","statementMap":{"0":{"start":{"line":4,"column":16},"end":{"line":4,"column":34}},"1":{"start":{"line":5,"column":12},"end":{"line":5,"column":36}},"2":{"start":{"line":7,"column":35},"end":{"line":7,"column":63}},"3":{"start":{"line":8,"column":15},"end":{"line":8,"column":39}},"4":{"start":{"line":9,"column":16},"end":{"line":9,"column":41}},"5":{"start":{"line":10,"column":15},"end":{"line":10,"column":31}},"6":{"start":{"line":17,"column":0},"end":{"line":76,"column":3}},"7":{"start":{"line":33,"column":4},"end":{"line":75,"column":5}},"8":{"start":{"line":35,"column":8},"end":{"line":67,"column":9}},"9":{"start":{"line":38,"column":27},"end":{"line":38,"column":48}},"10":{"start":{"line":39,"column":12},"end":{"line":41,"column":13}},"11":{"start":{"line":40,"column":16},"end":{"line":40,"column":84}},"12":{"start":{"line":44,"column":25},"end":{"line":44,"column":63}},"13":{"start":{"line":45,"column":12},"end":{"line":66,"column":13}},"14":{"start":{"line":48,"column":28},"end":{"line":48,"column":311}},"15":{"start":{"line":51,"column":31},"end":{"line":51,"column":62}},"16":{"start":{"line":52,"column":16},"end":{"line":59,"column":17}},"17":{"start":{"line":54,"column":20},"end":{"line":54,"column":58}},"18":{"start":{"line":55,"column":20},"end":{"line":55,"column":49}},"19":{"start":{"line":58,"column":20},"end":{"line":58,"column":120}},"20":{"start":{"line":62,"column":16},"end":{"line":64,"column":17}},"21":{"start":{"line":63,"column":20},"end":{"line":63,"column":77}},"22":{"start":{"line":65,"column":16},"end":{"line":65,"column":98}},"23":{"start":{"line":68,"column":8},"end":{"line":68,"column":65}},"24":{"start":{"line":73,"column":8},"end":{"line":73,"column":25}},"25":{"start":{"line":74,"column":8},"end":{"line":74,"column":52}},"26":{"start":{"line":78,"column":0},"end":{"line":78,"column":24}}},"fnMap":{"0":{"name":"(anonymous_0)","decl":{"start":{"line":31,"column":3},"end":{"line":31,"column":4}},"loc":{"start":{"line":31,"column":23},"end":{"line":76,"column":1}},"line":31}},"branchMap":{"0":{"loc":{"start":{"line":35,"column":8},"end":{"line":67,"column":9}},"type":"if","locations":[{"start":{"line":35,"column":8},"end":{"line":67,"column":9}},{"start":{"line":35,"column":8},"end":{"line":67,"column":9}}],"line":35},"1":{"loc":{"start":{"line":39,"column":12},"end":{"line":41,"column":13}},"type":"if","locations":[{"start":{"line":39,"column":12},"end":{"line":41,"column":13}},{"start":{"line":39,"column":12},"end":{"line":41,"column":13}}],"line":39},"2":{"loc":{"start":{"line":45,"column":12},"end":{"line":66,"column":13}},"type":"if","locations":[{"start":{"line":45,"column":12},"end":{"line":66,"column":13}},{"start":{"line":45,"column":12},"end":{"line":66,"column":13}}],"line":45},"3":{"loc":{"start":{"line":45,"column":16},"end":{"line":45,"column":65}},"type":"binary-expr","locations":[{"start":{"line":45,"column":16},"end":{"line":45,"column":34}},{"start":{"line":45,"column":38},"end":{"line":45,"column":65}}],"line":45},"4":{"loc":{"start":{"line":52,"column":16},"end":{"line":59,"column":17}},"type":"if","locations":[{"start":{"line":52,"column":16},"end":{"line":59,"column":17}},{"start":{"line":52,"column":16},"end":{"line":59,"column":17}}],"line":52},"5":{"loc":{"start":{"line":62,"column":16},"end":{"line":64,"column":17}},"type":"if","locations":[{"start":{"line":62,"column":16},"end":{"line":64,"column":17}},{"start":{"line":62,"column":16},"end":{"line":64,"column":17}}],"line":62}},"s":{"0":1,"1":1,"2":1,"3":1,"4":1,"5":1,"6":1,"7":13,"8":13,"9":12,"10":12,"11":9,"12":3,"13":3,"14":2,"15":2,"16":2,"17":1,"18":1,"19":1,"20":1,"21":0,"22":1,"23":1,"24":0,"25":0,"26":1},"f":{"0":13},"b":{"0":[12,1],"1":[9,3],"2":[2,1],"3":[3,3],"4":[1,1],"5":[0,1]},"_coverageSchema":"1a1c01bbd47fc00a2c39e90264f33305004495a9","hash":"9ae9b524b60cd4d640578b5cdc38d7633f53ea67","contentHash":"477d1827fe5096cdfaa34452b10a03f0c063a81bb6888268f8d0098e2c6a53ce"},"/Users/antonellocaputo/SWII_Git/se2022-08-HikeTracker/server/models/Hut.js":{"path":"/Users/antonellocaputo/SWII_Git/se2022-08-HikeTracker/server/models/Hut.js","statementMap":{"0":{"start":{"line":21,"column":8},"end":{"line":21,"column":19}},"1":{"start":{"line":22,"column":8},"end":{"line":22,"column":23}},"2":{"start":{"line":23,"column":8},"end":{"line":23,"column":23}},"3":{"start":{"line":24,"column":8},"end":{"line":24,"column":31}},"4":{"start":{"line":25,"column":8},"end":{"line":25,"column":29}},"5":{"start":{"line":26,"column":8},"end":{"line":26,"column":29}},"6":{"start":{"line":27,"column":8},"end":{"line":27,"column":31}},"7":{"start":{"line":28,"column":8},"end":{"line":28,"column":37}},"8":{"start":{"line":29,"column":8},"end":{"line":29,"column":37}},"9":{"start":{"line":30,"column":8},"end":{"line":30,"column":43}},"10":{"start":{"line":31,"column":8},"end":{"line":31,"column":37}},"11":{"start":{"line":32,"column":8},"end":{"line":32,"column":39}},"12":{"start":{"line":33,"column":8},"end":{"line":33,"column":25}},"13":{"start":{"line":34,"column":8},"end":{"line":34,"column":29}},"14":{"start":{"line":35,"column":8},"end":{"line":35,"column":23}},"15":{"start":{"line":39,"column":0},"end":{"line":39,"column":21}}},"fnMap":{"0":{"name":"(anonymous_0)","decl":{"start":{"line":20,"column":4},"end":{"line":20,"column":5}},"loc":{"start":{"line":20,"column":160},"end":{"line":36,"column":5}},"line":20}},"branchMap":{},"s":{"0":2,"1":2,"2":2,"3":2,"4":2,"5":2,"6":2,"7":2,"8":2,"9":2,"10":2,"11":2,"12":2,"13":2,"14":2,"15":1},"f":{"0":2},"b":{},"_coverageSchema":"1a1c01bbd47fc00a2c39e90264f33305004495a9","hash":"1cb1930a70ba2714c0c4d087c7d5a9c3f40453cb","contentHash":"d896a02ad5dbfcc6d93abac3b52984abc70e7b7572eb2f8329b792ad78d127cb"}}